22:34:27.409  INFO  manager.ApplicationManager - All tests run in Chrome Browser
22:34:31.016  INFO  manager.ApplicationManager - The link --> https://ilcarro.web.app/search
22:34:31.064  INFO  tests.TestBase - Name of method --> searchAnyPeriodSuccess
22:34:31.068  INFO  manager.WDListener - before find element By.id: city
22:34:31.101  INFO  manager.WDListener - element found success By.id: city
22:34:31.112  INFO  manager.WDListener - start method click on element [[ChromeDriver: chrome on WINDOWS (0c055dcdae3faf90c642480d60d874fe)] -> id: city]
22:34:31.212  INFO  manager.WDListener - method click is done on element[[ChromeDriver: chrome on WINDOWS (0c055dcdae3faf90c642480d60d874fe)] -> id: city]
22:34:31.537  INFO  manager.WDListener - before find element By.cssSelector: div.pac-item
22:34:32.204  INFO  manager.WDListener - element found success By.cssSelector: div.pac-item
22:34:32.204  INFO  manager.WDListener - start method click on element [[ChromeDriver: chrome on WINDOWS (0c055dcdae3faf90c642480d60d874fe)] -> css selector: div.pac-item]
22:34:32.299  INFO  manager.WDListener - method click is done on element[[ChromeDriver: chrome on WINDOWS (0c055dcdae3faf90c642480d60d874fe)] -> css selector: div.pac-item]
22:34:32.299  INFO  manager.WDListener - before find element By.id: dates
22:34:32.334  INFO  manager.WDListener - element found success By.id: dates
22:34:32.334  INFO  manager.WDListener - start method click on element [[ChromeDriver: chrome on WINDOWS (0c055dcdae3faf90c642480d60d874fe)] -> id: dates]
22:34:32.541  INFO  manager.WDListener - method click is done on element[[ChromeDriver: chrome on WINDOWS (0c055dcdae3faf90c642480d60d874fe)] -> id: dates]
22:34:32.575  INFO  manager.WDListener - before find element By.cssSelector: button[aria-label ='Next month']
22:34:32.605  INFO  manager.WDListener - element found success By.cssSelector: button[aria-label ='Next month']
22:34:32.605  INFO  manager.WDListener - start method click on element [[ChromeDriver: chrome on WINDOWS (0c055dcdae3faf90c642480d60d874fe)] -> css selector: button[aria-label ='Next month']]
22:34:32.711  INFO  manager.WDListener - method click is done on element[[ChromeDriver: chrome on WINDOWS (0c055dcdae3faf90c642480d60d874fe)] -> css selector: button[aria-label ='Next month']]
22:34:32.716  INFO  manager.WDListener - before find element By.cssSelector: button[aria-label ='Next month']
22:34:32.743  INFO  manager.WDListener - element found success By.cssSelector: button[aria-label ='Next month']
22:34:32.743  INFO  manager.WDListener - start method click on element [[ChromeDriver: chrome on WINDOWS (0c055dcdae3faf90c642480d60d874fe)] -> css selector: button[aria-label ='Next month']]
22:34:32.838  INFO  manager.WDListener - method click is done on element[[ChromeDriver: chrome on WINDOWS (0c055dcdae3faf90c642480d60d874fe)] -> css selector: button[aria-label ='Next month']]
22:34:32.838  INFO  manager.WDListener - before find element By.cssSelector: button[aria-label ='Next month']
22:34:32.864  INFO  manager.WDListener - element found success By.cssSelector: button[aria-label ='Next month']
22:34:32.871  INFO  manager.WDListener - start method click on element [[ChromeDriver: chrome on WINDOWS (0c055dcdae3faf90c642480d60d874fe)] -> css selector: button[aria-label ='Next month']]
22:34:32.963  INFO  manager.WDListener - method click is done on element[[ChromeDriver: chrome on WINDOWS (0c055dcdae3faf90c642480d60d874fe)] -> css selector: button[aria-label ='Next month']]
22:34:32.963  INFO  manager.WDListener - before find element By.cssSelector: button[aria-label ='Next month']
22:34:32.993  INFO  manager.WDListener - element found success By.cssSelector: button[aria-label ='Next month']
22:34:32.993  INFO  manager.WDListener - start method click on element [[ChromeDriver: chrome on WINDOWS (0c055dcdae3faf90c642480d60d874fe)] -> css selector: button[aria-label ='Next month']]
22:34:33.080  INFO  manager.WDListener - method click is done on element[[ChromeDriver: chrome on WINDOWS (0c055dcdae3faf90c642480d60d874fe)] -> css selector: button[aria-label ='Next month']]
22:34:33.080  INFO  manager.WDListener - before find element By.xpath: //div[text()=' 1 ']
22:34:33.102  INFO  manager.WDListener - element found success By.xpath: //div[text()=' 1 ']
22:34:33.102  INFO  manager.WDListener - start method click on element [[ChromeDriver: chrome on WINDOWS (0c055dcdae3faf90c642480d60d874fe)] -> xpath: //div[text()=' 1 ']]
22:34:33.192  INFO  manager.WDListener - method click is done on element[[ChromeDriver: chrome on WINDOWS (0c055dcdae3faf90c642480d60d874fe)] -> xpath: //div[text()=' 1 ']]
22:34:33.194  INFO  manager.WDListener - before find element By.cssSelector: button[aria-label ='Next month']
22:34:33.216  INFO  manager.WDListener - element found success By.cssSelector: button[aria-label ='Next month']
22:34:33.216  INFO  manager.WDListener - start method click on element [[ChromeDriver: chrome on WINDOWS (0c055dcdae3faf90c642480d60d874fe)] -> css selector: button[aria-label ='Next month']]
22:34:33.296  INFO  manager.WDListener - method click is done on element[[ChromeDriver: chrome on WINDOWS (0c055dcdae3faf90c642480d60d874fe)] -> css selector: button[aria-label ='Next month']]
22:34:33.296  INFO  manager.WDListener - before find element By.cssSelector: button[aria-label ='Next month']
22:34:33.320  INFO  manager.WDListener - element found success By.cssSelector: button[aria-label ='Next month']
22:34:33.320  INFO  manager.WDListener - start method click on element [[ChromeDriver: chrome on WINDOWS (0c055dcdae3faf90c642480d60d874fe)] -> css selector: button[aria-label ='Next month']]
22:34:33.423  INFO  manager.WDListener - method click is done on element[[ChromeDriver: chrome on WINDOWS (0c055dcdae3faf90c642480d60d874fe)] -> css selector: button[aria-label ='Next month']]
22:34:33.423  INFO  manager.WDListener - before find element By.cssSelector: button[aria-label ='Next month']
22:34:33.446  INFO  manager.WDListener - element found success By.cssSelector: button[aria-label ='Next month']
22:34:33.446  INFO  manager.WDListener - start method click on element [[ChromeDriver: chrome on WINDOWS (0c055dcdae3faf90c642480d60d874fe)] -> css selector: button[aria-label ='Next month']]
22:34:33.524  INFO  manager.WDListener - method click is done on element[[ChromeDriver: chrome on WINDOWS (0c055dcdae3faf90c642480d60d874fe)] -> css selector: button[aria-label ='Next month']]
22:34:33.527  INFO  manager.WDListener - before find element By.cssSelector: button[aria-label ='Next month']
22:34:33.544  INFO  manager.WDListener - element found success By.cssSelector: button[aria-label ='Next month']
22:34:33.544  INFO  manager.WDListener - start method click on element [[ChromeDriver: chrome on WINDOWS (0c055dcdae3faf90c642480d60d874fe)] -> css selector: button[aria-label ='Next month']]
22:34:33.633  INFO  manager.WDListener - method click is done on element[[ChromeDriver: chrome on WINDOWS (0c055dcdae3faf90c642480d60d874fe)] -> css selector: button[aria-label ='Next month']]
22:34:33.633  INFO  manager.WDListener - before find element By.cssSelector: button[aria-label ='Next month']
22:34:33.655  INFO  manager.WDListener - element found success By.cssSelector: button[aria-label ='Next month']
22:34:33.656  INFO  manager.WDListener - start method click on element [[ChromeDriver: chrome on WINDOWS (0c055dcdae3faf90c642480d60d874fe)] -> css selector: button[aria-label ='Next month']]
22:34:33.736  INFO  manager.WDListener - method click is done on element[[ChromeDriver: chrome on WINDOWS (0c055dcdae3faf90c642480d60d874fe)] -> css selector: button[aria-label ='Next month']]
22:34:33.736  INFO  manager.WDListener - before find element By.cssSelector: button[aria-label ='Next month']
22:34:33.771  INFO  manager.WDListener - element found success By.cssSelector: button[aria-label ='Next month']
22:34:33.771  INFO  manager.WDListener - start method click on element [[ChromeDriver: chrome on WINDOWS (0c055dcdae3faf90c642480d60d874fe)] -> css selector: button[aria-label ='Next month']]
22:34:33.862  INFO  manager.WDListener - method click is done on element[[ChromeDriver: chrome on WINDOWS (0c055dcdae3faf90c642480d60d874fe)] -> css selector: button[aria-label ='Next month']]
22:34:33.864  INFO  manager.WDListener - before find element By.cssSelector: button[aria-label ='Next month']
22:34:33.881  INFO  manager.WDListener - element found success By.cssSelector: button[aria-label ='Next month']
22:34:33.883  INFO  manager.WDListener - start method click on element [[ChromeDriver: chrome on WINDOWS (0c055dcdae3faf90c642480d60d874fe)] -> css selector: button[aria-label ='Next month']]
22:34:33.959  INFO  manager.WDListener - method click is done on element[[ChromeDriver: chrome on WINDOWS (0c055dcdae3faf90c642480d60d874fe)] -> css selector: button[aria-label ='Next month']]
22:34:33.961  INFO  manager.WDListener - before find element By.cssSelector: button[aria-label ='Next month']
22:34:33.986  INFO  manager.WDListener - element found success By.cssSelector: button[aria-label ='Next month']
22:34:33.986  INFO  manager.WDListener - start method click on element [[ChromeDriver: chrome on WINDOWS (0c055dcdae3faf90c642480d60d874fe)] -> css selector: button[aria-label ='Next month']]
22:34:34.064  INFO  manager.WDListener - method click is done on element[[ChromeDriver: chrome on WINDOWS (0c055dcdae3faf90c642480d60d874fe)] -> css selector: button[aria-label ='Next month']]
22:34:34.064  INFO  manager.WDListener - before find element By.xpath: //div[text()=' 2 ']
22:34:34.088  INFO  manager.WDListener - element found success By.xpath: //div[text()=' 2 ']
22:34:34.088  INFO  manager.WDListener - start method click on element [[ChromeDriver: chrome on WINDOWS (0c055dcdae3faf90c642480d60d874fe)] -> xpath: //div[text()=' 2 ']]
22:34:34.197  INFO  manager.WDListener - method click is done on element[[ChromeDriver: chrome on WINDOWS (0c055dcdae3faf90c642480d60d874fe)] -> xpath: //div[text()=' 2 ']]
22:34:34.197  INFO  manager.WDListener - before find element By.xpath: //button[@type='submit']
22:34:34.222  INFO  manager.WDListener - element found success By.xpath: //button[@type='submit']
22:34:34.222  INFO  manager.WDListener - start method click on element [[ChromeDriver: chrome on WINDOWS (0c055dcdae3faf90c642480d60d874fe)] -> xpath: //button[@type='submit']]
22:34:34.366  INFO  manager.WDListener - method click is done on element[[ChromeDriver: chrome on WINDOWS (0c055dcdae3faf90c642480d60d874fe)] -> xpath: //button[@type='submit']]
22:34:34.366  INFO  manager.WDListener - before find element By.cssSelector: a.car-container
22:34:38.148  INFO  manager.WDListener - element found success By.cssSelector: a.car-container
