22:47:16.123  INFO  manager.ApplicationManager - All tests run in Chrome Browser
22:47:18.387  INFO  manager.ApplicationManager - The link --> https://ilcarro.web.app/search
22:47:18.441  INFO  tests.TestBase - Name of method --> searchAnyPeriodSuccess
22:47:18.444  INFO  manager.WDListener - before find element By.id: city
22:47:18.482  INFO  manager.WDListener - element found success By.id: city
22:47:18.493  INFO  manager.WDListener - start method click on element [[ChromeDriver: chrome on WINDOWS (504772c3b6e1f19d897f26fe1539d5b8)] -> id: city]
22:47:18.587  INFO  manager.WDListener - method click is done on element[[ChromeDriver: chrome on WINDOWS (504772c3b6e1f19d897f26fe1539d5b8)] -> id: city]
22:47:18.928  INFO  manager.WDListener - before find element By.cssSelector: div.pac-item
22:47:20.272  INFO  manager.WDListener - element found success By.cssSelector: div.pac-item
22:47:20.274  INFO  manager.WDListener - start method click on element [[ChromeDriver: chrome on WINDOWS (504772c3b6e1f19d897f26fe1539d5b8)] -> css selector: div.pac-item]
22:47:20.341  INFO  manager.WDListener - method click is done on element[[ChromeDriver: chrome on WINDOWS (504772c3b6e1f19d897f26fe1539d5b8)] -> css selector: div.pac-item]
22:47:20.342  INFO  manager.WDListener - before find element By.id: dates
22:47:20.374  INFO  manager.WDListener - element found success By.id: dates
22:47:20.375  INFO  manager.WDListener - start method click on element [[ChromeDriver: chrome on WINDOWS (504772c3b6e1f19d897f26fe1539d5b8)] -> id: dates]
22:47:20.546  INFO  manager.WDListener - method click is done on element[[ChromeDriver: chrome on WINDOWS (504772c3b6e1f19d897f26fe1539d5b8)] -> id: dates]
22:47:20.575  INFO  manager.WDListener - before find element By.cssSelector: button[aria-label ='Next month']
22:47:20.608  INFO  manager.WDListener - element found success By.cssSelector: button[aria-label ='Next month']
22:47:20.609  INFO  manager.WDListener - start method click on element [[ChromeDriver: chrome on WINDOWS (504772c3b6e1f19d897f26fe1539d5b8)] -> css selector: button[aria-label ='Next month']]
22:47:20.717  INFO  manager.WDListener - method click is done on element[[ChromeDriver: chrome on WINDOWS (504772c3b6e1f19d897f26fe1539d5b8)] -> css selector: button[aria-label ='Next month']]
22:47:20.718  INFO  manager.WDListener - before find element By.cssSelector: button[aria-label ='Next month']
22:47:20.742  INFO  manager.WDListener - element found success By.cssSelector: button[aria-label ='Next month']
22:47:20.743  INFO  manager.WDListener - start method click on element [[ChromeDriver: chrome on WINDOWS (504772c3b6e1f19d897f26fe1539d5b8)] -> css selector: button[aria-label ='Next month']]
22:47:20.831  INFO  manager.WDListener - method click is done on element[[ChromeDriver: chrome on WINDOWS (504772c3b6e1f19d897f26fe1539d5b8)] -> css selector: button[aria-label ='Next month']]
22:47:20.831  INFO  manager.WDListener - before find element By.cssSelector: button[aria-label ='Next month']
22:47:20.846  INFO  manager.WDListener - element found success By.cssSelector: button[aria-label ='Next month']
22:47:20.854  INFO  manager.WDListener - start method click on element [[ChromeDriver: chrome on WINDOWS (504772c3b6e1f19d897f26fe1539d5b8)] -> css selector: button[aria-label ='Next month']]
22:47:20.941  INFO  manager.WDListener - method click is done on element[[ChromeDriver: chrome on WINDOWS (504772c3b6e1f19d897f26fe1539d5b8)] -> css selector: button[aria-label ='Next month']]
22:47:20.941  INFO  manager.WDListener - before find element By.cssSelector: button[aria-label ='Next month']
22:47:20.951  INFO  manager.WDListener - element found success By.cssSelector: button[aria-label ='Next month']
22:47:20.951  INFO  manager.WDListener - start method click on element [[ChromeDriver: chrome on WINDOWS (504772c3b6e1f19d897f26fe1539d5b8)] -> css selector: button[aria-label ='Next month']]
22:47:21.053  INFO  manager.WDListener - method click is done on element[[ChromeDriver: chrome on WINDOWS (504772c3b6e1f19d897f26fe1539d5b8)] -> css selector: button[aria-label ='Next month']]
22:47:21.053  INFO  manager.WDListener - before find element By.cssSelector: button[aria-label ='Next month']
22:47:21.072  INFO  manager.WDListener - element found success By.cssSelector: button[aria-label ='Next month']
22:47:21.072  INFO  manager.WDListener - start method click on element [[ChromeDriver: chrome on WINDOWS (504772c3b6e1f19d897f26fe1539d5b8)] -> css selector: button[aria-label ='Next month']]
22:47:21.187  INFO  manager.WDListener - method click is done on element[[ChromeDriver: chrome on WINDOWS (504772c3b6e1f19d897f26fe1539d5b8)] -> css selector: button[aria-label ='Next month']]
22:47:21.188  INFO  manager.WDListener - before find element By.cssSelector: button[aria-label ='Next month']
22:47:21.206  INFO  manager.WDListener - element found success By.cssSelector: button[aria-label ='Next month']
22:47:21.206  INFO  manager.WDListener - start method click on element [[ChromeDriver: chrome on WINDOWS (504772c3b6e1f19d897f26fe1539d5b8)] -> css selector: button[aria-label ='Next month']]
22:47:21.284  INFO  manager.WDListener - method click is done on element[[ChromeDriver: chrome on WINDOWS (504772c3b6e1f19d897f26fe1539d5b8)] -> css selector: button[aria-label ='Next month']]
22:47:21.284  INFO  manager.WDListener - before find element By.cssSelector: button[aria-label ='Next month']
22:47:21.290  INFO  manager.WDListener - element found success By.cssSelector: button[aria-label ='Next month']
22:47:21.290  INFO  manager.WDListener - start method click on element [[ChromeDriver: chrome on WINDOWS (504772c3b6e1f19d897f26fe1539d5b8)] -> css selector: button[aria-label ='Next month']]
22:47:21.380  INFO  manager.WDListener - method click is done on element[[ChromeDriver: chrome on WINDOWS (504772c3b6e1f19d897f26fe1539d5b8)] -> css selector: button[aria-label ='Next month']]
22:47:21.380  INFO  manager.WDListener - before find element By.cssSelector: button[aria-label ='Next month']
22:47:21.393  INFO  manager.WDListener - element found success By.cssSelector: button[aria-label ='Next month']
22:47:21.393  INFO  manager.WDListener - start method click on element [[ChromeDriver: chrome on WINDOWS (504772c3b6e1f19d897f26fe1539d5b8)] -> css selector: button[aria-label ='Next month']]
22:47:21.499  INFO  manager.WDListener - method click is done on element[[ChromeDriver: chrome on WINDOWS (504772c3b6e1f19d897f26fe1539d5b8)] -> css selector: button[aria-label ='Next month']]
22:47:21.499  INFO  manager.WDListener - before find element By.cssSelector: button[aria-label ='Next month']
22:47:21.512  INFO  manager.WDListener - element found success By.cssSelector: button[aria-label ='Next month']
22:47:21.512  INFO  manager.WDListener - start method click on element [[ChromeDriver: chrome on WINDOWS (504772c3b6e1f19d897f26fe1539d5b8)] -> css selector: button[aria-label ='Next month']]
22:47:21.617  INFO  manager.WDListener - method click is done on element[[ChromeDriver: chrome on WINDOWS (504772c3b6e1f19d897f26fe1539d5b8)] -> css selector: button[aria-label ='Next month']]
22:47:21.617  INFO  manager.WDListener - before find element By.cssSelector: button[aria-label ='Next month']
22:47:21.637  INFO  manager.WDListener - element found success By.cssSelector: button[aria-label ='Next month']
22:47:21.637  INFO  manager.WDListener - start method click on element [[ChromeDriver: chrome on WINDOWS (504772c3b6e1f19d897f26fe1539d5b8)] -> css selector: button[aria-label ='Next month']]
22:47:21.733  INFO  manager.WDListener - method click is done on element[[ChromeDriver: chrome on WINDOWS (504772c3b6e1f19d897f26fe1539d5b8)] -> css selector: button[aria-label ='Next month']]
22:47:21.734  INFO  manager.WDListener - before find element By.cssSelector: button[aria-label ='Next month']
22:47:21.746  INFO  manager.WDListener - element found success By.cssSelector: button[aria-label ='Next month']
22:47:21.746  INFO  manager.WDListener - start method click on element [[ChromeDriver: chrome on WINDOWS (504772c3b6e1f19d897f26fe1539d5b8)] -> css selector: button[aria-label ='Next month']]
22:47:21.856  INFO  manager.WDListener - method click is done on element[[ChromeDriver: chrome on WINDOWS (504772c3b6e1f19d897f26fe1539d5b8)] -> css selector: button[aria-label ='Next month']]
22:47:21.856  INFO  manager.WDListener - before find element By.cssSelector: button[aria-label ='Next month']
22:47:21.869  INFO  manager.WDListener - element found success By.cssSelector: button[aria-label ='Next month']
22:47:21.884  INFO  manager.WDListener - start method click on element [[ChromeDriver: chrome on WINDOWS (504772c3b6e1f19d897f26fe1539d5b8)] -> css selector: button[aria-label ='Next month']]
22:47:21.970  INFO  manager.WDListener - method click is done on element[[ChromeDriver: chrome on WINDOWS (504772c3b6e1f19d897f26fe1539d5b8)] -> css selector: button[aria-label ='Next month']]
22:47:21.973  INFO  manager.WDListener - before find element By.cssSelector: button[aria-label ='Next month']
22:47:21.993  INFO  manager.WDListener - element found success By.cssSelector: button[aria-label ='Next month']
22:47:22.002  INFO  manager.WDListener - start method click on element [[ChromeDriver: chrome on WINDOWS (504772c3b6e1f19d897f26fe1539d5b8)] -> css selector: button[aria-label ='Next month']]
22:47:22.056  INFO  manager.WDListener - method click is done on element[[ChromeDriver: chrome on WINDOWS (504772c3b6e1f19d897f26fe1539d5b8)] -> css selector: button[aria-label ='Next month']]
22:47:22.056  INFO  manager.WDListener - before find element By.cssSelector: button[aria-label ='Next month']
22:47:22.077  INFO  manager.WDListener - element found success By.cssSelector: button[aria-label ='Next month']
22:47:22.077  INFO  manager.WDListener - start method click on element [[ChromeDriver: chrome on WINDOWS (504772c3b6e1f19d897f26fe1539d5b8)] -> css selector: button[aria-label ='Next month']]
22:47:22.125  INFO  manager.WDListener - method click is done on element[[ChromeDriver: chrome on WINDOWS (504772c3b6e1f19d897f26fe1539d5b8)] -> css selector: button[aria-label ='Next month']]
22:47:22.125  INFO  manager.WDListener - before find element By.cssSelector: button[aria-label ='Next month']
22:47:22.141  INFO  manager.WDListener - element found success By.cssSelector: button[aria-label ='Next month']
22:47:22.141  INFO  manager.WDListener - start method click on element [[ChromeDriver: chrome on WINDOWS (504772c3b6e1f19d897f26fe1539d5b8)] -> css selector: button[aria-label ='Next month']]
22:47:22.193  INFO  manager.WDListener - method click is done on element[[ChromeDriver: chrome on WINDOWS (504772c3b6e1f19d897f26fe1539d5b8)] -> css selector: button[aria-label ='Next month']]
22:47:22.193  INFO  manager.WDListener - before find element By.cssSelector: button[aria-label ='Next month']
22:47:22.210  INFO  manager.WDListener - element found success By.cssSelector: button[aria-label ='Next month']
22:47:22.210  INFO  manager.WDListener - start method click on element [[ChromeDriver: chrome on WINDOWS (504772c3b6e1f19d897f26fe1539d5b8)] -> css selector: button[aria-label ='Next month']]
22:47:22.251  INFO  manager.WDListener - method click is done on element[[ChromeDriver: chrome on WINDOWS (504772c3b6e1f19d897f26fe1539d5b8)] -> css selector: button[aria-label ='Next month']]
22:47:22.251  INFO  manager.WDListener - before find element By.xpath: //div[text()=' 1 ']
22:47:22.283  INFO  manager.WDListener - element found success By.xpath: //div[text()=' 1 ']
22:47:22.283  INFO  manager.WDListener - start method click on element [[ChromeDriver: chrome on WINDOWS (504772c3b6e1f19d897f26fe1539d5b8)] -> xpath: //div[text()=' 1 ']]
22:47:22.368  INFO  manager.WDListener - method click is done on element[[ChromeDriver: chrome on WINDOWS (504772c3b6e1f19d897f26fe1539d5b8)] -> xpath: //div[text()=' 1 ']]
22:47:22.368  INFO  manager.WDListener - before find element By.xpath: //div[text()=' 1 ']
22:47:22.373  INFO  manager.WDListener - element found success By.xpath: //div[text()=' 1 ']
22:47:22.373  INFO  manager.WDListener - start method click on element [[ChromeDriver: chrome on WINDOWS (504772c3b6e1f19d897f26fe1539d5b8)] -> xpath: //div[text()=' 1 ']]
22:47:22.459  INFO  manager.WDListener - method click is done on element[[ChromeDriver: chrome on WINDOWS (504772c3b6e1f19d897f26fe1539d5b8)] -> xpath: //div[text()=' 1 ']]
22:47:22.459  INFO  manager.WDListener - before find element By.xpath: //button[@type='submit']
22:47:22.484  INFO  manager.WDListener - element found success By.xpath: //button[@type='submit']
22:47:22.484  INFO  manager.WDListener - start method click on element [[ChromeDriver: chrome on WINDOWS (504772c3b6e1f19d897f26fe1539d5b8)] -> xpath: //button[@type='submit']]
22:47:22.547  INFO  manager.WDListener - method click is done on element[[ChromeDriver: chrome on WINDOWS (504772c3b6e1f19d897f26fe1539d5b8)] -> xpath: //button[@type='submit']]
22:47:22.547  INFO  manager.WDListener - before find element By.cssSelector: a.car-container
22:47:37.573  INFO  manager.WDListener - element found success By.cssSelector: a.car-container
