18:42:28.497  INFO  manager.ApplicationManager - All tests run in Chrome Browser
18:42:30.309  INFO  manager.ApplicationManager - The link --> https://ilcarro.web.app/search
18:42:30.355  INFO  tests.TestBase - Name of method --> searchAnyPeriodSuccess
18:42:30.358  INFO  manager.WDListener - before find element By.id: city
18:42:30.384  INFO  manager.WDListener - element found success By.id: city
18:42:30.392  INFO  manager.WDListener - start method click on element [[ChromeDriver: chrome on WINDOWS (fa80d2c08fc290ffec8bebf96edef56e)] -> id: city]
18:42:30.498  INFO  manager.WDListener - method click is done on element[[ChromeDriver: chrome on WINDOWS (fa80d2c08fc290ffec8bebf96edef56e)] -> id: city]
18:42:30.773  INFO  manager.WDListener - before find element By.cssSelector: div.pac-item
18:42:31.441  INFO  manager.WDListener - element found success By.cssSelector: div.pac-item
18:42:31.441  INFO  manager.WDListener - start method click on element [[ChromeDriver: chrome on WINDOWS (fa80d2c08fc290ffec8bebf96edef56e)] -> css selector: div.pac-item]
18:42:31.517  INFO  manager.WDListener - method click is done on element[[ChromeDriver: chrome on WINDOWS (fa80d2c08fc290ffec8bebf96edef56e)] -> css selector: div.pac-item]
18:42:31.517  INFO  manager.WDListener - before find element By.id: dates
18:42:31.549  INFO  manager.WDListener - element found success By.id: dates
18:42:31.549  INFO  manager.WDListener - start method click on element [[ChromeDriver: chrome on WINDOWS (fa80d2c08fc290ffec8bebf96edef56e)] -> id: dates]
18:42:31.708  INFO  manager.WDListener - method click is done on element[[ChromeDriver: chrome on WINDOWS (fa80d2c08fc290ffec8bebf96edef56e)] -> id: dates]
18:42:31.736  INFO  manager.WDListener - before find element By.cssSelector: button[aria-label ='Next month']
18:42:31.776  INFO  manager.WDListener - element found success By.cssSelector: button[aria-label ='Next month']
18:42:31.777  INFO  manager.WDListener - start method click on element [[ChromeDriver: chrome on WINDOWS (fa80d2c08fc290ffec8bebf96edef56e)] -> css selector: button[aria-label ='Next month']]
18:42:31.879  INFO  manager.WDListener - method click is done on element[[ChromeDriver: chrome on WINDOWS (fa80d2c08fc290ffec8bebf96edef56e)] -> css selector: button[aria-label ='Next month']]
18:42:31.880  INFO  manager.WDListener - before find element By.cssSelector: button[aria-label ='Next month']
18:42:31.904  INFO  manager.WDListener - element found success By.cssSelector: button[aria-label ='Next month']
18:42:31.904  INFO  manager.WDListener - start method click on element [[ChromeDriver: chrome on WINDOWS (fa80d2c08fc290ffec8bebf96edef56e)] -> css selector: button[aria-label ='Next month']]
18:42:31.981  INFO  manager.WDListener - method click is done on element[[ChromeDriver: chrome on WINDOWS (fa80d2c08fc290ffec8bebf96edef56e)] -> css selector: button[aria-label ='Next month']]
18:42:31.982  INFO  manager.WDListener - before find element By.cssSelector: button[aria-label ='Next month']
18:42:31.998  INFO  manager.WDListener - element found success By.cssSelector: button[aria-label ='Next month']
18:42:31.999  INFO  manager.WDListener - start method click on element [[ChromeDriver: chrome on WINDOWS (fa80d2c08fc290ffec8bebf96edef56e)] -> css selector: button[aria-label ='Next month']]
18:42:32.087  INFO  manager.WDListener - method click is done on element[[ChromeDriver: chrome on WINDOWS (fa80d2c08fc290ffec8bebf96edef56e)] -> css selector: button[aria-label ='Next month']]
18:42:32.088  INFO  manager.WDListener - before find element By.cssSelector: button[aria-label ='Next month']
18:42:32.106  INFO  manager.WDListener - element found success By.cssSelector: button[aria-label ='Next month']
18:42:32.107  INFO  manager.WDListener - start method click on element [[ChromeDriver: chrome on WINDOWS (fa80d2c08fc290ffec8bebf96edef56e)] -> css selector: button[aria-label ='Next month']]
18:42:32.181  INFO  manager.WDListener - method click is done on element[[ChromeDriver: chrome on WINDOWS (fa80d2c08fc290ffec8bebf96edef56e)] -> css selector: button[aria-label ='Next month']]
18:42:32.181  INFO  manager.WDListener - before find element By.xpath: //div[text()=' 1 ']
18:42:32.208  INFO  manager.WDListener - element found success By.xpath: //div[text()=' 1 ']
18:42:32.209  INFO  manager.WDListener - start method click on element [[ChromeDriver: chrome on WINDOWS (fa80d2c08fc290ffec8bebf96edef56e)] -> xpath: //div[text()=' 1 ']]
18:42:32.309  INFO  manager.WDListener - method click is done on element[[ChromeDriver: chrome on WINDOWS (fa80d2c08fc290ffec8bebf96edef56e)] -> xpath: //div[text()=' 1 ']]
18:42:32.310  INFO  manager.WDListener - before find element By.cssSelector: button[aria-label ='Next month']
18:42:32.327  INFO  manager.WDListener - element found success By.cssSelector: button[aria-label ='Next month']
18:42:32.328  INFO  manager.WDListener - start method click on element [[ChromeDriver: chrome on WINDOWS (fa80d2c08fc290ffec8bebf96edef56e)] -> css selector: button[aria-label ='Next month']]
18:42:32.413  INFO  manager.WDListener - method click is done on element[[ChromeDriver: chrome on WINDOWS (fa80d2c08fc290ffec8bebf96edef56e)] -> css selector: button[aria-label ='Next month']]
18:42:32.414  INFO  manager.WDListener - before find element By.cssSelector: button[aria-label ='Next month']
18:42:32.437  INFO  manager.WDListener - element found success By.cssSelector: button[aria-label ='Next month']
18:42:32.438  INFO  manager.WDListener - start method click on element [[ChromeDriver: chrome on WINDOWS (fa80d2c08fc290ffec8bebf96edef56e)] -> css selector: button[aria-label ='Next month']]
18:42:32.535  INFO  manager.WDListener - method click is done on element[[ChromeDriver: chrome on WINDOWS (fa80d2c08fc290ffec8bebf96edef56e)] -> css selector: button[aria-label ='Next month']]
18:42:32.535  INFO  manager.WDListener - before find element By.cssSelector: button[aria-label ='Next month']
18:42:32.560  INFO  manager.WDListener - element found success By.cssSelector: button[aria-label ='Next month']
18:42:32.560  INFO  manager.WDListener - start method click on element [[ChromeDriver: chrome on WINDOWS (fa80d2c08fc290ffec8bebf96edef56e)] -> css selector: button[aria-label ='Next month']]
18:42:32.634  INFO  manager.WDListener - method click is done on element[[ChromeDriver: chrome on WINDOWS (fa80d2c08fc290ffec8bebf96edef56e)] -> css selector: button[aria-label ='Next month']]
18:42:32.634  INFO  manager.WDListener - before find element By.cssSelector: button[aria-label ='Next month']
18:42:32.654  INFO  manager.WDListener - element found success By.cssSelector: button[aria-label ='Next month']
18:42:32.654  INFO  manager.WDListener - start method click on element [[ChromeDriver: chrome on WINDOWS (fa80d2c08fc290ffec8bebf96edef56e)] -> css selector: button[aria-label ='Next month']]
18:42:32.729  INFO  manager.WDListener - method click is done on element[[ChromeDriver: chrome on WINDOWS (fa80d2c08fc290ffec8bebf96edef56e)] -> css selector: button[aria-label ='Next month']]
18:42:32.729  INFO  manager.WDListener - before find element By.cssSelector: button[aria-label ='Next month']
18:42:32.749  INFO  manager.WDListener - element found success By.cssSelector: button[aria-label ='Next month']
18:42:32.749  INFO  manager.WDListener - start method click on element [[ChromeDriver: chrome on WINDOWS (fa80d2c08fc290ffec8bebf96edef56e)] -> css selector: button[aria-label ='Next month']]
18:42:32.816  INFO  manager.WDListener - method click is done on element[[ChromeDriver: chrome on WINDOWS (fa80d2c08fc290ffec8bebf96edef56e)] -> css selector: button[aria-label ='Next month']]
18:42:32.816  INFO  manager.WDListener - before find element By.cssSelector: button[aria-label ='Next month']
18:42:32.842  INFO  manager.WDListener - element found success By.cssSelector: button[aria-label ='Next month']
18:42:32.842  INFO  manager.WDListener - start method click on element [[ChromeDriver: chrome on WINDOWS (fa80d2c08fc290ffec8bebf96edef56e)] -> css selector: button[aria-label ='Next month']]
18:42:32.911  INFO  manager.WDListener - method click is done on element[[ChromeDriver: chrome on WINDOWS (fa80d2c08fc290ffec8bebf96edef56e)] -> css selector: button[aria-label ='Next month']]
18:42:32.912  INFO  manager.WDListener - before find element By.cssSelector: button[aria-label ='Next month']
18:42:32.936  INFO  manager.WDListener - element found success By.cssSelector: button[aria-label ='Next month']
18:42:32.937  INFO  manager.WDListener - start method click on element [[ChromeDriver: chrome on WINDOWS (fa80d2c08fc290ffec8bebf96edef56e)] -> css selector: button[aria-label ='Next month']]
18:42:33.012  INFO  manager.WDListener - method click is done on element[[ChromeDriver: chrome on WINDOWS (fa80d2c08fc290ffec8bebf96edef56e)] -> css selector: button[aria-label ='Next month']]
18:42:33.014  INFO  manager.WDListener - before find element By.cssSelector: button[aria-label ='Next month']
18:42:33.032  INFO  manager.WDListener - element found success By.cssSelector: button[aria-label ='Next month']
18:42:33.033  INFO  manager.WDListener - start method click on element [[ChromeDriver: chrome on WINDOWS (fa80d2c08fc290ffec8bebf96edef56e)] -> css selector: button[aria-label ='Next month']]
18:42:33.121  INFO  manager.WDListener - method click is done on element[[ChromeDriver: chrome on WINDOWS (fa80d2c08fc290ffec8bebf96edef56e)] -> css selector: button[aria-label ='Next month']]
18:42:33.122  INFO  manager.WDListener - before find element By.xpath: //div[text()=' 2 ']
18:42:33.148  INFO  manager.WDListener - element found success By.xpath: //div[text()=' 2 ']
18:42:33.150  INFO  manager.WDListener - start method click on element [[ChromeDriver: chrome on WINDOWS (fa80d2c08fc290ffec8bebf96edef56e)] -> xpath: //div[text()=' 2 ']]
18:42:33.246  INFO  manager.WDListener - method click is done on element[[ChromeDriver: chrome on WINDOWS (fa80d2c08fc290ffec8bebf96edef56e)] -> xpath: //div[text()=' 2 ']]
18:42:33.247  INFO  manager.WDListener - before find element By.xpath: //button[@type='submit']
18:42:33.281  INFO  manager.WDListener - element found success By.xpath: //button[@type='submit']
18:42:33.282  INFO  manager.WDListener - start method click on element [[ChromeDriver: chrome on WINDOWS (fa80d2c08fc290ffec8bebf96edef56e)] -> xpath: //button[@type='submit']]
18:42:33.417  INFO  manager.WDListener - method click is done on element[[ChromeDriver: chrome on WINDOWS (fa80d2c08fc290ffec8bebf96edef56e)] -> xpath: //button[@type='submit']]
18:42:33.418  INFO  manager.WDListener - before find element By.cssSelector: a.car-container
18:42:38.990  INFO  manager.WDListener - element found success By.cssSelector: a.car-container
