16:57:29.654  INFO  manager.ApplicationManager - All tests run in Chrome Browser
16:57:31.094  INFO  manager.ApplicationManager - The link --> https://ilcarro.web.app/search
16:57:31.136  INFO  tests.TestBase - Name of method --> searchAnyPeriodSuccess
16:57:31.140  INFO  manager.WDListener - before find element By.id: city
16:57:31.177  INFO  manager.WDListener - element found success By.id: city
16:57:31.184  INFO  manager.WDListener - start method click on element [[ChromeDriver: chrome on WINDOWS (2548e82ac6019115005f5d4c42504ef1)] -> id: city]
16:57:31.287  INFO  manager.WDListener - method click is done on element[[ChromeDriver: chrome on WINDOWS (2548e82ac6019115005f5d4c42504ef1)] -> id: city]
16:57:31.556  INFO  manager.WDListener - before find element By.cssSelector: div.pac-item
16:57:31.964  INFO  manager.WDListener - element found success By.cssSelector: div.pac-item
16:57:31.965  INFO  manager.WDListener - start method click on element [[ChromeDriver: chrome on WINDOWS (2548e82ac6019115005f5d4c42504ef1)] -> css selector: div.pac-item]
16:57:32.023  INFO  manager.WDListener - method click is done on element[[ChromeDriver: chrome on WINDOWS (2548e82ac6019115005f5d4c42504ef1)] -> css selector: div.pac-item]
16:57:32.023  INFO  manager.WDListener - before find element By.id: dates
16:57:32.051  INFO  manager.WDListener - element found success By.id: dates
16:57:32.051  INFO  manager.WDListener - start method click on element [[ChromeDriver: chrome on WINDOWS (2548e82ac6019115005f5d4c42504ef1)] -> id: dates]
16:57:32.199  INFO  manager.WDListener - method click is done on element[[ChromeDriver: chrome on WINDOWS (2548e82ac6019115005f5d4c42504ef1)] -> id: dates]
16:57:32.224  INFO  manager.WDListener - before find element By.cssSelector: button[aria-label ='Next month']
16:57:32.260  INFO  manager.WDListener - element found success By.cssSelector: button[aria-label ='Next month']
16:57:32.261  INFO  manager.WDListener - start method click on element [[ChromeDriver: chrome on WINDOWS (2548e82ac6019115005f5d4c42504ef1)] -> css selector: button[aria-label ='Next month']]
16:57:32.361  INFO  manager.WDListener - method click is done on element[[ChromeDriver: chrome on WINDOWS (2548e82ac6019115005f5d4c42504ef1)] -> css selector: button[aria-label ='Next month']]
16:57:32.362  INFO  manager.WDListener - before find element By.cssSelector: button[aria-label ='Next month']
16:57:32.393  INFO  manager.WDListener - element found success By.cssSelector: button[aria-label ='Next month']
16:57:32.394  INFO  manager.WDListener - start method click on element [[ChromeDriver: chrome on WINDOWS (2548e82ac6019115005f5d4c42504ef1)] -> css selector: button[aria-label ='Next month']]
16:57:32.486  INFO  manager.WDListener - method click is done on element[[ChromeDriver: chrome on WINDOWS (2548e82ac6019115005f5d4c42504ef1)] -> css selector: button[aria-label ='Next month']]
16:57:32.487  INFO  manager.WDListener - before find element By.cssSelector: button[aria-label ='Next month']
16:57:32.517  INFO  manager.WDListener - element found success By.cssSelector: button[aria-label ='Next month']
16:57:32.517  INFO  manager.WDListener - start method click on element [[ChromeDriver: chrome on WINDOWS (2548e82ac6019115005f5d4c42504ef1)] -> css selector: button[aria-label ='Next month']]
16:57:32.603  INFO  manager.WDListener - method click is done on element[[ChromeDriver: chrome on WINDOWS (2548e82ac6019115005f5d4c42504ef1)] -> css selector: button[aria-label ='Next month']]
16:57:32.604  INFO  manager.WDListener - before find element By.cssSelector: button[aria-label ='Next month']
16:57:32.626  INFO  manager.WDListener - element found success By.cssSelector: button[aria-label ='Next month']
16:57:32.627  INFO  manager.WDListener - start method click on element [[ChromeDriver: chrome on WINDOWS (2548e82ac6019115005f5d4c42504ef1)] -> css selector: button[aria-label ='Next month']]
16:57:32.710  INFO  manager.WDListener - method click is done on element[[ChromeDriver: chrome on WINDOWS (2548e82ac6019115005f5d4c42504ef1)] -> css selector: button[aria-label ='Next month']]
16:57:32.712  INFO  manager.WDListener - before find element By.xpath: //div[text()=' 12 ']
16:57:32.744  INFO  manager.WDListener - element found success By.xpath: //div[text()=' 12 ']
16:57:32.744  INFO  manager.WDListener - start method click on element [[ChromeDriver: chrome on WINDOWS (2548e82ac6019115005f5d4c42504ef1)] -> xpath: //div[text()=' 12 ']]
16:57:32.829  INFO  manager.WDListener - method click is done on element[[ChromeDriver: chrome on WINDOWS (2548e82ac6019115005f5d4c42504ef1)] -> xpath: //div[text()=' 12 ']]
16:57:32.829  INFO  manager.WDListener - before find element By.xpath: //div[text()=' 14 ']
16:57:32.869  INFO  manager.WDListener - element found success By.xpath: //div[text()=' 14 ']
16:57:32.870  INFO  manager.WDListener - start method click on element [[ChromeDriver: chrome on WINDOWS (2548e82ac6019115005f5d4c42504ef1)] -> xpath: //div[text()=' 14 ']]
16:57:32.952  INFO  manager.WDListener - method click is done on element[[ChromeDriver: chrome on WINDOWS (2548e82ac6019115005f5d4c42504ef1)] -> xpath: //div[text()=' 14 ']]
16:57:32.952  INFO  manager.WDListener - before find element By.xpath: //button[@type='submit']
16:57:32.990  INFO  manager.WDListener - element found success By.xpath: //button[@type='submit']
16:57:32.991  INFO  manager.WDListener - start method click on element [[ChromeDriver: chrome on WINDOWS (2548e82ac6019115005f5d4c42504ef1)] -> xpath: //button[@type='submit']]
16:57:33.120  INFO  manager.WDListener - method click is done on element[[ChromeDriver: chrome on WINDOWS (2548e82ac6019115005f5d4c42504ef1)] -> xpath: //button[@type='submit']]
16:57:33.120  INFO  manager.WDListener - before find element By.cssSelector: a.car-container
16:57:37.319  INFO  manager.WDListener - element found success By.cssSelector: a.car-container
