17:25:51.468  INFO  manager.ApplicationManager - All tests run in Chrome Browser
17:25:52.993  INFO  manager.ApplicationManager - The link --> https://ilcarro.web.app/search
17:25:53.038  INFO  tests.TestBase - Name of method --> searchAnyPeriodSuccess
17:25:53.040  INFO  manager.WDListener - before find element By.id: city
17:25:53.076  INFO  manager.WDListener - element found success By.id: city
17:25:53.083  INFO  manager.WDListener - start method click on element [[ChromeDriver: chrome on WINDOWS (d69dd338d43a1ac1cd1a11e3236d66aa)] -> id: city]
17:25:53.180  INFO  manager.WDListener - method click is done on element[[ChromeDriver: chrome on WINDOWS (d69dd338d43a1ac1cd1a11e3236d66aa)] -> id: city]
17:25:53.516  INFO  manager.WDListener - before find element By.cssSelector: div.pac-item
17:25:54.181  INFO  manager.WDListener - element found success By.cssSelector: div.pac-item
17:25:54.183  INFO  manager.WDListener - start method click on element [[ChromeDriver: chrome on WINDOWS (d69dd338d43a1ac1cd1a11e3236d66aa)] -> css selector: div.pac-item]
17:25:54.258  INFO  manager.WDListener - method click is done on element[[ChromeDriver: chrome on WINDOWS (d69dd338d43a1ac1cd1a11e3236d66aa)] -> css selector: div.pac-item]
17:25:54.258  INFO  manager.WDListener - before find element By.id: dates
17:25:54.291  INFO  manager.WDListener - element found success By.id: dates
17:25:54.293  INFO  manager.WDListener - start method click on element [[ChromeDriver: chrome on WINDOWS (d69dd338d43a1ac1cd1a11e3236d66aa)] -> id: dates]
17:25:54.466  INFO  manager.WDListener - method click is done on element[[ChromeDriver: chrome on WINDOWS (d69dd338d43a1ac1cd1a11e3236d66aa)] -> id: dates]
17:25:54.494  INFO  manager.WDListener - before find element By.cssSelector: button[aria-label ='Next month']
17:25:54.522  INFO  manager.WDListener - element found success By.cssSelector: button[aria-label ='Next month']
17:25:54.522  INFO  manager.WDListener - start method click on element [[ChromeDriver: chrome on WINDOWS (d69dd338d43a1ac1cd1a11e3236d66aa)] -> css selector: button[aria-label ='Next month']]
17:25:54.651  INFO  manager.WDListener - method click is done on element[[ChromeDriver: chrome on WINDOWS (d69dd338d43a1ac1cd1a11e3236d66aa)] -> css selector: button[aria-label ='Next month']]
17:25:54.651  INFO  manager.WDListener - before find element By.cssSelector: button[aria-label ='Next month']
17:25:54.674  INFO  manager.WDListener - element found success By.cssSelector: button[aria-label ='Next month']
17:25:54.674  INFO  manager.WDListener - start method click on element [[ChromeDriver: chrome on WINDOWS (d69dd338d43a1ac1cd1a11e3236d66aa)] -> css selector: button[aria-label ='Next month']]
17:25:54.785  INFO  manager.WDListener - method click is done on element[[ChromeDriver: chrome on WINDOWS (d69dd338d43a1ac1cd1a11e3236d66aa)] -> css selector: button[aria-label ='Next month']]
17:25:54.786  INFO  manager.WDListener - before find element By.cssSelector: button[aria-label ='Next month']
17:25:54.814  INFO  manager.WDListener - element found success By.cssSelector: button[aria-label ='Next month']
17:25:54.815  INFO  manager.WDListener - start method click on element [[ChromeDriver: chrome on WINDOWS (d69dd338d43a1ac1cd1a11e3236d66aa)] -> css selector: button[aria-label ='Next month']]
17:25:54.902  INFO  manager.WDListener - method click is done on element[[ChromeDriver: chrome on WINDOWS (d69dd338d43a1ac1cd1a11e3236d66aa)] -> css selector: button[aria-label ='Next month']]
17:25:54.902  INFO  manager.WDListener - before find element By.cssSelector: button[aria-label ='Next month']
17:25:54.924  INFO  manager.WDListener - element found success By.cssSelector: button[aria-label ='Next month']
17:25:54.925  INFO  manager.WDListener - start method click on element [[ChromeDriver: chrome on WINDOWS (d69dd338d43a1ac1cd1a11e3236d66aa)] -> css selector: button[aria-label ='Next month']]
17:25:55.011  INFO  manager.WDListener - method click is done on element[[ChromeDriver: chrome on WINDOWS (d69dd338d43a1ac1cd1a11e3236d66aa)] -> css selector: button[aria-label ='Next month']]
17:25:55.012  INFO  manager.WDListener - before find element By.xpath: //div[text()=' 12 ']
17:25:55.040  INFO  manager.WDListener - element found success By.xpath: //div[text()=' 12 ']
17:25:55.040  INFO  manager.WDListener - start method click on element [[ChromeDriver: chrome on WINDOWS (d69dd338d43a1ac1cd1a11e3236d66aa)] -> xpath: //div[text()=' 12 ']]
17:25:55.125  INFO  manager.WDListener - method click is done on element[[ChromeDriver: chrome on WINDOWS (d69dd338d43a1ac1cd1a11e3236d66aa)] -> xpath: //div[text()=' 12 ']]
17:25:55.125  INFO  manager.WDListener - before find element By.cssSelector: button[aria-label ='Next month']
17:25:55.154  INFO  manager.WDListener - element found success By.cssSelector: button[aria-label ='Next month']
17:25:55.155  INFO  manager.WDListener - start method click on element [[ChromeDriver: chrome on WINDOWS (d69dd338d43a1ac1cd1a11e3236d66aa)] -> css selector: button[aria-label ='Next month']]
17:25:55.223  INFO  manager.WDListener - method click is done on element[[ChromeDriver: chrome on WINDOWS (d69dd338d43a1ac1cd1a11e3236d66aa)] -> css selector: button[aria-label ='Next month']]
17:25:55.223  INFO  manager.WDListener - before find element By.cssSelector: button[aria-label ='Next month']
17:25:55.250  INFO  manager.WDListener - element found success By.cssSelector: button[aria-label ='Next month']
17:25:55.250  INFO  manager.WDListener - start method click on element [[ChromeDriver: chrome on WINDOWS (d69dd338d43a1ac1cd1a11e3236d66aa)] -> css selector: button[aria-label ='Next month']]
17:25:55.335  INFO  manager.WDListener - method click is done on element[[ChromeDriver: chrome on WINDOWS (d69dd338d43a1ac1cd1a11e3236d66aa)] -> css selector: button[aria-label ='Next month']]
17:25:55.336  INFO  manager.WDListener - before find element By.cssSelector: button[aria-label ='Next month']
17:25:55.361  INFO  manager.WDListener - element found success By.cssSelector: button[aria-label ='Next month']
17:25:55.361  INFO  manager.WDListener - start method click on element [[ChromeDriver: chrome on WINDOWS (d69dd338d43a1ac1cd1a11e3236d66aa)] -> css selector: button[aria-label ='Next month']]
17:25:55.455  INFO  manager.WDListener - method click is done on element[[ChromeDriver: chrome on WINDOWS (d69dd338d43a1ac1cd1a11e3236d66aa)] -> css selector: button[aria-label ='Next month']]
17:25:55.456  INFO  manager.WDListener - before find element By.cssSelector: button[aria-label ='Next month']
17:25:55.485  INFO  manager.WDListener - element found success By.cssSelector: button[aria-label ='Next month']
17:25:55.486  INFO  manager.WDListener - start method click on element [[ChromeDriver: chrome on WINDOWS (d69dd338d43a1ac1cd1a11e3236d66aa)] -> css selector: button[aria-label ='Next month']]
17:25:55.570  INFO  manager.WDListener - method click is done on element[[ChromeDriver: chrome on WINDOWS (d69dd338d43a1ac1cd1a11e3236d66aa)] -> css selector: button[aria-label ='Next month']]
17:25:55.570  INFO  manager.WDListener - before find element By.cssSelector: button[aria-label ='Next month']
17:25:55.596  INFO  manager.WDListener - element found success By.cssSelector: button[aria-label ='Next month']
17:25:55.596  INFO  manager.WDListener - start method click on element [[ChromeDriver: chrome on WINDOWS (d69dd338d43a1ac1cd1a11e3236d66aa)] -> css selector: button[aria-label ='Next month']]
17:25:55.666  INFO  manager.WDListener - method click is done on element[[ChromeDriver: chrome on WINDOWS (d69dd338d43a1ac1cd1a11e3236d66aa)] -> css selector: button[aria-label ='Next month']]
17:25:55.666  INFO  manager.WDListener - before find element By.cssSelector: button[aria-label ='Next month']
17:25:55.689  INFO  manager.WDListener - element found success By.cssSelector: button[aria-label ='Next month']
17:25:55.689  INFO  manager.WDListener - start method click on element [[ChromeDriver: chrome on WINDOWS (d69dd338d43a1ac1cd1a11e3236d66aa)] -> css selector: button[aria-label ='Next month']]
17:25:55.759  INFO  manager.WDListener - method click is done on element[[ChromeDriver: chrome on WINDOWS (d69dd338d43a1ac1cd1a11e3236d66aa)] -> css selector: button[aria-label ='Next month']]
17:25:55.759  INFO  manager.WDListener - before find element By.cssSelector: button[aria-label ='Next month']
17:25:55.784  INFO  manager.WDListener - element found success By.cssSelector: button[aria-label ='Next month']
17:25:55.786  INFO  manager.WDListener - start method click on element [[ChromeDriver: chrome on WINDOWS (d69dd338d43a1ac1cd1a11e3236d66aa)] -> css selector: button[aria-label ='Next month']]
17:25:55.872  INFO  manager.WDListener - method click is done on element[[ChromeDriver: chrome on WINDOWS (d69dd338d43a1ac1cd1a11e3236d66aa)] -> css selector: button[aria-label ='Next month']]
17:25:55.872  INFO  manager.WDListener - before find element By.cssSelector: button[aria-label ='Next month']
17:25:55.895  INFO  manager.WDListener - element found success By.cssSelector: button[aria-label ='Next month']
17:25:55.896  INFO  manager.WDListener - start method click on element [[ChromeDriver: chrome on WINDOWS (d69dd338d43a1ac1cd1a11e3236d66aa)] -> css selector: button[aria-label ='Next month']]
17:25:55.979  INFO  manager.WDListener - method click is done on element[[ChromeDriver: chrome on WINDOWS (d69dd338d43a1ac1cd1a11e3236d66aa)] -> css selector: button[aria-label ='Next month']]
17:25:55.980  INFO  manager.WDListener - before find element By.xpath: //div[text()=' 14 ']
17:25:56.009  INFO  manager.WDListener - element found success By.xpath: //div[text()=' 14 ']
17:25:56.009  INFO  manager.WDListener - start method click on element [[ChromeDriver: chrome on WINDOWS (d69dd338d43a1ac1cd1a11e3236d66aa)] -> xpath: //div[text()=' 14 ']]
17:25:56.103  INFO  manager.WDListener - method click is done on element[[ChromeDriver: chrome on WINDOWS (d69dd338d43a1ac1cd1a11e3236d66aa)] -> xpath: //div[text()=' 14 ']]
17:25:56.103  INFO  manager.WDListener - before find element By.xpath: //button[@type='submit']
17:25:56.137  INFO  manager.WDListener - element found success By.xpath: //button[@type='submit']
17:25:56.137  INFO  manager.WDListener - start method click on element [[ChromeDriver: chrome on WINDOWS (d69dd338d43a1ac1cd1a11e3236d66aa)] -> xpath: //button[@type='submit']]
17:25:56.269  INFO  manager.WDListener - method click is done on element[[ChromeDriver: chrome on WINDOWS (d69dd338d43a1ac1cd1a11e3236d66aa)] -> xpath: //button[@type='submit']]
17:25:56.269  INFO  manager.WDListener - before find element By.cssSelector: a.car-container
17:26:00.032  INFO  manager.WDListener - element found success By.cssSelector: a.car-container
17:26:00.065  INFO  manager.WDListener - before find element By.xpath: //input[@formcontrolname='dates']
17:26:00.097  INFO  manager.WDListener - element found success By.xpath: //input[@formcontrolname='dates']
17:26:00.163  INFO  manager.WDListener - before find element By.xpath: //input[@formcontrolname='dates']
17:26:00.188  INFO  manager.WDListener - element found success By.xpath: //input[@formcontrolname='dates']
