17:14:57.331  INFO  manager.ApplicationManager - All tests run in Chrome Browser
17:14:58.813  INFO  manager.ApplicationManager - The link --> https://ilcarro.web.app/search
17:14:58.841  INFO  tests.TestBase - Name of method --> loginSuccessModel
17:14:58.842  INFO  manager.WDListener - before find element By.xpath: //*[.=' Logout ']
17:15:13.890  INFO  manager.WDListener - element found success By.xpath: //*[.=' Logout ']
17:15:13.890  INFO  tests.TestBase - Test data --> User{firstName='null', lastName='null', email='marga@gmail.com', password='Mmar123456$'}
17:15:13.890  INFO  manager.WDListener - before find element By.xpath: //a[text()=' Log in ']
17:15:13.908  INFO  manager.WDListener - element found success By.xpath: //a[text()=' Log in ']
17:15:13.908  INFO  manager.WDListener - start method click on element [[ChromeDriver: chrome on WINDOWS (258c17d11c638fce83a8f6477f60e5d1)] -> xpath: //a[text()=' Log in ']]
17:15:13.958  INFO  manager.WDListener - method click is done on element[[ChromeDriver: chrome on WINDOWS (258c17d11c638fce83a8f6477f60e5d1)] -> xpath: //a[text()=' Log in ']]
17:15:13.959  INFO  manager.WDListener - before find element By.id: email
17:15:13.983  INFO  manager.WDListener - element found success By.id: email
17:15:13.984  INFO  manager.WDListener - start method click on element [[ChromeDriver: chrome on WINDOWS (258c17d11c638fce83a8f6477f60e5d1)] -> id: email]
17:15:14.039  INFO  manager.WDListener - method click is done on element[[ChromeDriver: chrome on WINDOWS (258c17d11c638fce83a8f6477f60e5d1)] -> id: email]
17:15:14.187  INFO  manager.WDListener - before find element By.id: password
17:15:14.210  INFO  manager.WDListener - element found success By.id: password
17:15:14.210  INFO  manager.WDListener - start method click on element [[ChromeDriver: chrome on WINDOWS (258c17d11c638fce83a8f6477f60e5d1)] -> id: password]
17:15:14.245  INFO  manager.WDListener - method click is done on element[[ChromeDriver: chrome on WINDOWS (258c17d11c638fce83a8f6477f60e5d1)] -> id: password]
17:15:14.389  INFO  manager.WDListener - before find element By.xpath: //button[@type='submit']
17:15:14.411  INFO  manager.WDListener - element found success By.xpath: //button[@type='submit']
17:15:14.415  INFO  manager.WDListener - start method click on element [[ChromeDriver: chrome on WINDOWS (258c17d11c638fce83a8f6477f60e5d1)] -> xpath: //button[@type='submit']]
17:15:14.465  INFO  manager.WDListener - method click is done on element[[ChromeDriver: chrome on WINDOWS (258c17d11c638fce83a8f6477f60e5d1)] -> xpath: //button[@type='submit']]
17:15:14.465  INFO  manager.WDListener - before find element By.cssSelector: .dialog-container>h2
17:15:15.585  INFO  manager.WDListener - element found success By.cssSelector: .dialog-container>h2
17:15:15.597  INFO  manager.WDListener - get text from element with text: Logged in success
17:15:15.605  INFO  manager.WDListener - got the text is successful
17:15:15.607  INFO  tests.TestBase - Assert check is Element button 'Log out' presents
17:15:15.608  INFO  manager.WDListener - before find element By.xpath: //button[text()='Ok']
17:15:15.621  INFO  manager.WDListener - element found success By.xpath: //button[text()='Ok']
17:15:15.624  INFO  manager.WDListener - before find element By.xpath: //button[text()='Ok']
17:15:15.636  INFO  manager.WDListener - element found success By.xpath: //button[text()='Ok']
17:15:15.636  INFO  manager.WDListener - start method click on element [[ChromeDriver: chrome on WINDOWS (258c17d11c638fce83a8f6477f60e5d1)] -> xpath: //button[text()='Ok']]
17:15:15.671  INFO  manager.WDListener - method click is done on element[[ChromeDriver: chrome on WINDOWS (258c17d11c638fce83a8f6477f60e5d1)] -> xpath: //button[text()='Ok']]
17:15:15.671  INFO  tests.TestBase - Name of method --> loginSuccessModel
17:15:15.671  INFO  manager.WDListener - before find element By.xpath: //*[.=' Logout ']
17:15:15.693  INFO  manager.WDListener - element found success By.xpath: //*[.=' Logout ']
17:15:15.693  INFO  manager.WDListener - before find element By.xpath: //*[.=' Logout ']
17:15:15.705  INFO  manager.WDListener - element found success By.xpath: //*[.=' Logout ']
17:15:15.710  INFO  manager.WDListener - start method click on element [[ChromeDriver: chrome on WINDOWS (258c17d11c638fce83a8f6477f60e5d1)] -> xpath: //*[.=' Logout ']]
17:15:15.755  INFO  manager.WDListener - method click is done on element[[ChromeDriver: chrome on WINDOWS (258c17d11c638fce83a8f6477f60e5d1)] -> xpath: //*[.=' Logout ']]
17:15:15.756  INFO  tests.TestBase - Before method finish logout
17:15:15.756  INFO  tests.TestBase - Test data --> User{firstName='null', lastName='null', email='marga@gmail.com', password='Mmar123456$'}
17:15:15.756  INFO  manager.WDListener - before find element By.xpath: //a[text()=' Log in ']
17:15:15.775  INFO  manager.WDListener - element found success By.xpath: //a[text()=' Log in ']
17:15:15.776  INFO  manager.WDListener - start method click on element [[ChromeDriver: chrome on WINDOWS (258c17d11c638fce83a8f6477f60e5d1)] -> xpath: //a[text()=' Log in ']]
17:15:15.813  INFO  manager.WDListener - method click is done on element[[ChromeDriver: chrome on WINDOWS (258c17d11c638fce83a8f6477f60e5d1)] -> xpath: //a[text()=' Log in ']]
17:15:15.813  INFO  manager.WDListener - before find element By.id: email
17:15:15.826  INFO  manager.WDListener - element found success By.id: email
17:15:15.826  INFO  manager.WDListener - start method click on element [[ChromeDriver: chrome on WINDOWS (258c17d11c638fce83a8f6477f60e5d1)] -> id: email]
17:15:15.856  INFO  manager.WDListener - method click is done on element[[ChromeDriver: chrome on WINDOWS (258c17d11c638fce83a8f6477f60e5d1)] -> id: email]
17:15:16.004  INFO  manager.WDListener - before find element By.id: password
17:15:16.023  INFO  manager.WDListener - element found success By.id: password
17:15:16.025  INFO  manager.WDListener - start method click on element [[ChromeDriver: chrome on WINDOWS (258c17d11c638fce83a8f6477f60e5d1)] -> id: password]
17:15:16.055  INFO  manager.WDListener - method click is done on element[[ChromeDriver: chrome on WINDOWS (258c17d11c638fce83a8f6477f60e5d1)] -> id: password]
17:15:16.159  INFO  manager.WDListener - before find element By.xpath: //button[@type='submit']
17:15:16.175  INFO  manager.WDListener - element found success By.xpath: //button[@type='submit']
17:15:16.177  INFO  manager.WDListener - start method click on element [[ChromeDriver: chrome on WINDOWS (258c17d11c638fce83a8f6477f60e5d1)] -> xpath: //button[@type='submit']]
17:15:16.208  INFO  manager.WDListener - method click is done on element[[ChromeDriver: chrome on WINDOWS (258c17d11c638fce83a8f6477f60e5d1)] -> xpath: //button[@type='submit']]
17:15:16.208  INFO  manager.WDListener - before find element By.cssSelector: .dialog-container>h2
17:15:16.495  INFO  manager.WDListener - element found success By.cssSelector: .dialog-container>h2
17:15:16.502  INFO  manager.WDListener - get text from element with text: 
17:15:16.509  INFO  manager.WDListener - got the text is successful
17:15:16.509  INFO  tests.TestBase - Assert check is Element button 'Log out' presents
17:15:16.510  INFO  manager.WDListener - before find element By.xpath: //button[text()='Ok']
17:15:16.519  INFO  manager.WDListener - element found success By.xpath: //button[text()='Ok']
17:15:16.523  INFO  manager.WDListener - before find element By.xpath: //button[text()='Ok']
17:15:16.539  INFO  manager.WDListener - element found success By.xpath: //button[text()='Ok']
17:15:16.539  INFO  manager.WDListener - start method click on element [[ChromeDriver: chrome on WINDOWS (258c17d11c638fce83a8f6477f60e5d1)] -> xpath: //button[text()='Ok']]
17:15:16.571  INFO  manager.WDListener - method click is done on element[[ChromeDriver: chrome on WINDOWS (258c17d11c638fce83a8f6477f60e5d1)] -> xpath: //button[text()='Ok']]
