19:10:51.583  INFO  manager.ApplicationManager - All tests run in Chrome Browser
19:10:53.257  INFO  manager.ApplicationManager - The link --> https://ilcarro.web.app/search
19:10:53.282  INFO  manager.WDListener - before find element By.xpath: //*[.=' Logout ']
19:11:08.351  INFO  manager.WDListener - element found success By.xpath: //*[.=' Logout ']
19:11:08.352  INFO  manager.WDListener - before find element By.xpath: //a[text()=' Log in ']
19:11:08.382  INFO  manager.WDListener - element found success By.xpath: //a[text()=' Log in ']
19:11:08.391  INFO  manager.WDListener - start method click on element [[ChromeDriver: chrome on WINDOWS (d4c31974606cefb4db7b9a01589863b0)] -> xpath: //a[text()=' Log in ']]
19:11:08.512  INFO  manager.WDListener - method click is done on element[[ChromeDriver: chrome on WINDOWS (d4c31974606cefb4db7b9a01589863b0)] -> xpath: //a[text()=' Log in ']]
19:11:08.513  INFO  manager.WDListener - before find element By.id: email
19:11:08.560  INFO  manager.WDListener - element found success By.id: email
19:11:08.561  INFO  manager.WDListener - start method click on element [[ChromeDriver: chrome on WINDOWS (d4c31974606cefb4db7b9a01589863b0)] -> id: email]
19:11:08.636  INFO  manager.WDListener - method click is done on element[[ChromeDriver: chrome on WINDOWS (d4c31974606cefb4db7b9a01589863b0)] -> id: email]
19:11:08.963  INFO  manager.WDListener - before find element By.id: password
19:11:08.997  INFO  manager.WDListener - element found success By.id: password
19:11:08.997  INFO  manager.WDListener - start method click on element [[ChromeDriver: chrome on WINDOWS (d4c31974606cefb4db7b9a01589863b0)] -> id: password]
19:11:09.064  INFO  manager.WDListener - method click is done on element[[ChromeDriver: chrome on WINDOWS (d4c31974606cefb4db7b9a01589863b0)] -> id: password]
19:11:09.274  INFO  manager.WDListener - before find element By.xpath: //button[@type='submit']
19:11:09.300  INFO  manager.WDListener - element found success By.xpath: //button[@type='submit']
19:11:09.300  INFO  manager.WDListener - start method click on element [[ChromeDriver: chrome on WINDOWS (d4c31974606cefb4db7b9a01589863b0)] -> xpath: //button[@type='submit']]
19:11:09.379  INFO  manager.WDListener - method click is done on element[[ChromeDriver: chrome on WINDOWS (d4c31974606cefb4db7b9a01589863b0)] -> xpath: //button[@type='submit']]
19:11:09.379  INFO  manager.WDListener - before find element By.xpath: //button[text()='Ok']
19:11:10.474  INFO  manager.WDListener - element found success By.xpath: //button[text()='Ok']
19:11:10.474  INFO  manager.WDListener - before find element By.xpath: //button[text()='Ok']
19:11:10.508  INFO  manager.WDListener - element found success By.xpath: //button[text()='Ok']
19:11:10.509  INFO  manager.WDListener - start method click on element [[ChromeDriver: chrome on WINDOWS (d4c31974606cefb4db7b9a01589863b0)] -> xpath: //button[text()='Ok']]
19:11:10.575  INFO  manager.WDListener - method click is done on element[[ChromeDriver: chrome on WINDOWS (d4c31974606cefb4db7b9a01589863b0)] -> xpath: //button[text()='Ok']]
19:11:10.576  INFO  tests.TestBase - Before class --> User is logged in
19:11:10.604  INFO  tests.TestBase - Name of method --> addNewCarSuccessAll
19:11:10.608  INFO  tests.TestBase - Test data --> location: `Tel Aviv, Israel` & manufacture: `Mazda` & model: `M3` & year: `2022` & fuel: `Petrol` & seats: `4` & carClass: `C` & price: `50` & about: `Very nice car`
19:11:11.108  INFO  manager.WDListener - before find element By.xpath: //a[text()=' Let the car work ']
19:11:11.141  INFO  manager.WDListener - element found success By.xpath: //a[text()=' Let the car work ']
19:11:11.142  INFO  manager.WDListener - start method click on element [[ChromeDriver: chrome on WINDOWS (d4c31974606cefb4db7b9a01589863b0)] -> xpath: //a[text()=' Let the car work ']]
19:11:11.263  INFO  manager.WDListener - method click is done on element[[ChromeDriver: chrome on WINDOWS (d4c31974606cefb4db7b9a01589863b0)] -> xpath: //a[text()=' Let the car work ']]
19:11:11.264  INFO  manager.WDListener - before find element By.id: pickUpPlace
19:11:11.300  INFO  manager.WDListener - element found success By.id: pickUpPlace
19:11:11.300  INFO  manager.WDListener - start method click on element [[ChromeDriver: chrome on WINDOWS (d4c31974606cefb4db7b9a01589863b0)] -> id: pickUpPlace]
19:11:11.371  INFO  manager.WDListener - method click is done on element[[ChromeDriver: chrome on WINDOWS (d4c31974606cefb4db7b9a01589863b0)] -> id: pickUpPlace]
19:11:11.647  INFO  manager.WDListener - before find element By.cssSelector: div.pac-item
19:11:12.051  INFO  manager.WDListener - element found success By.cssSelector: div.pac-item
19:11:12.051  INFO  manager.WDListener - start method click on element [[ChromeDriver: chrome on WINDOWS (d4c31974606cefb4db7b9a01589863b0)] -> css selector: div.pac-item]
19:11:12.120  INFO  manager.WDListener - method click is done on element[[ChromeDriver: chrome on WINDOWS (d4c31974606cefb4db7b9a01589863b0)] -> css selector: div.pac-item]
19:11:12.121  INFO  manager.WDListener - before find element By.id: make
19:11:12.148  INFO  manager.WDListener - element found success By.id: make
19:11:12.148  INFO  manager.WDListener - start method click on element [[ChromeDriver: chrome on WINDOWS (d4c31974606cefb4db7b9a01589863b0)] -> id: make]
19:11:12.218  INFO  manager.WDListener - method click is done on element[[ChromeDriver: chrome on WINDOWS (d4c31974606cefb4db7b9a01589863b0)] -> id: make]
19:11:12.425  INFO  manager.WDListener - before find element By.cssSelector: #model
19:11:12.444  INFO  manager.WDListener - element found success By.cssSelector: #model
19:11:12.444  INFO  manager.WDListener - start method click on element [[ChromeDriver: chrome on WINDOWS (d4c31974606cefb4db7b9a01589863b0)] -> css selector: #model]
19:11:12.516  INFO  manager.WDListener - method click is done on element[[ChromeDriver: chrome on WINDOWS (d4c31974606cefb4db7b9a01589863b0)] -> css selector: #model]
19:11:12.697  INFO  manager.WDListener - before find element By.cssSelector: #year
19:11:12.722  INFO  manager.WDListener - element found success By.cssSelector: #year
19:11:12.723  INFO  manager.WDListener - start method click on element [[ChromeDriver: chrome on WINDOWS (d4c31974606cefb4db7b9a01589863b0)] -> css selector: #year]
19:11:12.795  INFO  manager.WDListener - method click is done on element[[ChromeDriver: chrome on WINDOWS (d4c31974606cefb4db7b9a01589863b0)] -> css selector: #year]
19:11:13.050  INFO  manager.WDListener - before find element By.id: fuel
19:11:13.077  INFO  manager.WDListener - element found success By.id: fuel
19:11:13.120  INFO  manager.WDListener - before find element By.xpath: .//option[@value = "Petrol"]
19:11:13.141  INFO  manager.WDListener - element found success By.xpath: .//option[@value = "Petrol"]
19:11:13.156  INFO  manager.WDListener - start method click on element [[[[ChromeDriver: chrome on WINDOWS (d4c31974606cefb4db7b9a01589863b0)] -> id: fuel]] -> xpath: .//option[@value = "Petrol"]]
19:11:13.212  INFO  manager.WDListener - method click is done on element[[[[ChromeDriver: chrome on WINDOWS (d4c31974606cefb4db7b9a01589863b0)] -> id: fuel]] -> xpath: .//option[@value = "Petrol"]]
19:11:13.213  INFO  manager.WDListener - before find element By.id: seats
19:11:13.242  INFO  manager.WDListener - element found success By.id: seats
19:11:13.242  INFO  manager.WDListener - start method click on element [[ChromeDriver: chrome on WINDOWS (d4c31974606cefb4db7b9a01589863b0)] -> id: seats]
19:11:13.316  INFO  manager.WDListener - method click is done on element[[ChromeDriver: chrome on WINDOWS (d4c31974606cefb4db7b9a01589863b0)] -> id: seats]
19:11:13.570  INFO  manager.WDListener - before find element By.cssSelector: #class
19:11:13.598  INFO  manager.WDListener - element found success By.cssSelector: #class
19:11:13.599  INFO  manager.WDListener - start method click on element [[ChromeDriver: chrome on WINDOWS (d4c31974606cefb4db7b9a01589863b0)] -> css selector: #class]
19:11:13.668  INFO  manager.WDListener - method click is done on element[[ChromeDriver: chrome on WINDOWS (d4c31974606cefb4db7b9a01589863b0)] -> css selector: #class]
19:11:13.862  INFO  manager.WDListener - before find element By.cssSelector: #serialNumber
19:11:13.882  INFO  manager.WDListener - element found success By.cssSelector: #serialNumber
19:11:13.882  INFO  manager.WDListener - start method click on element [[ChromeDriver: chrome on WINDOWS (d4c31974606cefb4db7b9a01589863b0)] -> css selector: #serialNumber]
19:11:13.957  INFO  manager.WDListener - method click is done on element[[ChromeDriver: chrome on WINDOWS (d4c31974606cefb4db7b9a01589863b0)] -> css selector: #serialNumber]
19:11:14.162  INFO  manager.WDListener - before find element By.cssSelector: #price
19:11:14.182  INFO  manager.WDListener - element found success By.cssSelector: #price
19:11:14.183  INFO  manager.WDListener - start method click on element [[ChromeDriver: chrome on WINDOWS (d4c31974606cefb4db7b9a01589863b0)] -> css selector: #price]
19:11:14.256  INFO  manager.WDListener - method click is done on element[[ChromeDriver: chrome on WINDOWS (d4c31974606cefb4db7b9a01589863b0)] -> css selector: #price]
19:11:14.509  INFO  manager.WDListener - before find element By.cssSelector: #about
19:11:14.540  INFO  manager.WDListener - element found success By.cssSelector: #about
19:11:14.540  INFO  manager.WDListener - start method click on element [[ChromeDriver: chrome on WINDOWS (d4c31974606cefb4db7b9a01589863b0)] -> css selector: #about]
19:11:14.609  INFO  manager.WDListener - method click is done on element[[ChromeDriver: chrome on WINDOWS (d4c31974606cefb4db7b9a01589863b0)] -> css selector: #about]
19:11:14.790  INFO  manager.WDListener - before find element By.id: #photos
19:11:29.876  INFO  manager.WDListener - We have PROBLEMS!
19:11:29.877  INFO  manager.WDListener - no such element: Unable to locate element: {"method":"css selector","selector":"#\#photos"}
  (Session info: chrome=120.0.6099.224)
For documentation on this error, please visit: https://www.seleniumhq.org/exceptions/no_such_element.html
Build info: version: '3.141.59', revision: 'e82be7d358', time: '2018-11-14T08:17:03'
System info: host: 'ALEXPC', ip: '10.100.102.19', os.name: 'Windows 11', os.arch: 'amd64', os.version: '10.0', java.version: '1.8.0_333'
Driver info: org.openqa.selenium.chrome.ChromeDriver
Capabilities {acceptInsecureCerts: false, browserName: chrome, browserVersion: 120.0.6099.224, chrome: {chromedriverVersion: 120.0.6099.109 (3419140ab66..., userDataDir: C:\Users\Alex\AppData\Local...}, fedcm:accounts: true, goog:chromeOptions: {debuggerAddress: localhost:60071}, javascriptEnabled: true, networkConnectionEnabled: false, pageLoadStrategy: normal, platform: WINDOWS, platformName: WINDOWS, proxy: Proxy(), setWindowRect: true, strictFileInteractability: false, timeouts: {implicit: 0, pageLoad: 300000, script: 30000}, unhandledPromptBehavior: dismiss and notify, webauthn:extension:credBlob: true, webauthn:extension:largeBlob: true, webauthn:extension:minPinLength: true, webauthn:extension:prf: true, webauthn:virtualAuthenticators: true}
Session ID: d4c31974606cefb4db7b9a01589863b0
*** Element info: {Using=id, value=#photos}
19:11:29.878  INFO  manager.WDListener - org.openqa.selenium.NoSuchElementException: no such element: Unable to locate element: {"method":"css selector","selector":"#\#photos"}
  (Session info: chrome=120.0.6099.224)
For documentation on this error, please visit: https://www.seleniumhq.org/exceptions/no_such_element.html
Build info: version: '3.141.59', revision: 'e82be7d358', time: '2018-11-14T08:17:03'
System info: host: 'ALEXPC', ip: '10.100.102.19', os.name: 'Windows 11', os.arch: 'amd64', os.version: '10.0', java.version: '1.8.0_333'
Driver info: org.openqa.selenium.chrome.ChromeDriver
Capabilities {acceptInsecureCerts: false, browserName: chrome, browserVersion: 120.0.6099.224, chrome: {chromedriverVersion: 120.0.6099.109 (3419140ab66..., userDataDir: C:\Users\Alex\AppData\Local...}, fedcm:accounts: true, goog:chromeOptions: {debuggerAddress: localhost:60071}, javascriptEnabled: true, networkConnectionEnabled: false, pageLoadStrategy: normal, platform: WINDOWS, platformName: WINDOWS, proxy: Proxy(), setWindowRect: true, strictFileInteractability: false, timeouts: {implicit: 0, pageLoad: 300000, script: 30000}, unhandledPromptBehavior: dismiss and notify, webauthn:extension:credBlob: true, webauthn:extension:largeBlob: true, webauthn:extension:minPinLength: true, webauthn:extension:prf: true, webauthn:virtualAuthenticators: true}
Session ID: d4c31974606cefb4db7b9a01589863b0
*** Element info: {Using=id, value=#photos}
19:11:30.273  INFO  manager.WDListener - This is the link to the screenshot with error --> src/test/resources/screenshots/screen-689.png
19:11:30.278  INFO  manager.WDListener - before find element By.xpath: //button[text()='Search cars']
19:11:45.357  INFO  manager.WDListener - We have PROBLEMS!
19:11:45.358  INFO  manager.WDListener - no such element: Unable to locate element: {"method":"xpath","selector":"//button[text()='Search cars']"}
  (Session info: chrome=120.0.6099.224)
For documentation on this error, please visit: https://www.seleniumhq.org/exceptions/no_such_element.html
Build info: version: '3.141.59', revision: 'e82be7d358', time: '2018-11-14T08:17:03'
System info: host: 'ALEXPC', ip: '10.100.102.19', os.name: 'Windows 11', os.arch: 'amd64', os.version: '10.0', java.version: '1.8.0_333'
Driver info: org.openqa.selenium.chrome.ChromeDriver
Capabilities {acceptInsecureCerts: false, browserName: chrome, browserVersion: 120.0.6099.224, chrome: {chromedriverVersion: 120.0.6099.109 (3419140ab66..., userDataDir: C:\Users\Alex\AppData\Local...}, fedcm:accounts: true, goog:chromeOptions: {debuggerAddress: localhost:60071}, javascriptEnabled: true, networkConnectionEnabled: false, pageLoadStrategy: normal, platform: WINDOWS, platformName: WINDOWS, proxy: Proxy(), setWindowRect: true, strictFileInteractability: false, timeouts: {implicit: 0, pageLoad: 300000, script: 30000}, unhandledPromptBehavior: dismiss and notify, webauthn:extension:credBlob: true, webauthn:extension:largeBlob: true, webauthn:extension:minPinLength: true, webauthn:extension:prf: true, webauthn:virtualAuthenticators: true}
Session ID: d4c31974606cefb4db7b9a01589863b0
*** Element info: {Using=xpath, value=//button[text()='Search cars']}
19:11:45.359  INFO  manager.WDListener - org.openqa.selenium.NoSuchElementException: no such element: Unable to locate element: {"method":"xpath","selector":"//button[text()='Search cars']"}
  (Session info: chrome=120.0.6099.224)
For documentation on this error, please visit: https://www.seleniumhq.org/exceptions/no_such_element.html
Build info: version: '3.141.59', revision: 'e82be7d358', time: '2018-11-14T08:17:03'
System info: host: 'ALEXPC', ip: '10.100.102.19', os.name: 'Windows 11', os.arch: 'amd64', os.version: '10.0', java.version: '1.8.0_333'
Driver info: org.openqa.selenium.chrome.ChromeDriver
Capabilities {acceptInsecureCerts: false, browserName: chrome, browserVersion: 120.0.6099.224, chrome: {chromedriverVersion: 120.0.6099.109 (3419140ab66..., userDataDir: C:\Users\Alex\AppData\Local...}, fedcm:accounts: true, goog:chromeOptions: {debuggerAddress: localhost:60071}, javascriptEnabled: true, networkConnectionEnabled: false, pageLoadStrategy: normal, platform: WINDOWS, platformName: WINDOWS, proxy: Proxy(), setWindowRect: true, strictFileInteractability: false, timeouts: {implicit: 0, pageLoad: 300000, script: 30000}, unhandledPromptBehavior: dismiss and notify, webauthn:extension:credBlob: true, webauthn:extension:largeBlob: true, webauthn:extension:minPinLength: true, webauthn:extension:prf: true, webauthn:virtualAuthenticators: true}
Session ID: d4c31974606cefb4db7b9a01589863b0
*** Element info: {Using=xpath, value=//button[text()='Search cars']}
19:11:45.725  INFO  manager.WDListener - This is the link to the screenshot with error --> src/test/resources/screenshots/screen-705.png
