17:01:50.173  INFO  manager.ApplicationManager - All tests run in Chrome Browser
17:01:51.690  INFO  manager.ApplicationManager - The link --> https://ilcarro.web.app/search
17:01:51.734  INFO  tests.TestBase - Name of method --> searchAnyPeriodSuccess
17:01:51.738  INFO  manager.WDListener - before find element By.id: city
17:01:51.771  INFO  manager.WDListener - element found success By.id: city
17:01:51.779  INFO  manager.WDListener - start method click on element [[ChromeDriver: chrome on WINDOWS (9ea6636b509f24ae6d2fd4cd3094d889)] -> id: city]
17:01:51.884  INFO  manager.WDListener - method click is done on element[[ChromeDriver: chrome on WINDOWS (9ea6636b509f24ae6d2fd4cd3094d889)] -> id: city]
17:01:52.147  INFO  manager.WDListener - before find element By.cssSelector: div.pac-item
17:01:52.494  INFO  manager.WDListener - element found success By.cssSelector: div.pac-item
17:01:52.495  INFO  manager.WDListener - start method click on element [[ChromeDriver: chrome on WINDOWS (9ea6636b509f24ae6d2fd4cd3094d889)] -> css selector: div.pac-item]
17:01:52.573  INFO  manager.WDListener - method click is done on element[[ChromeDriver: chrome on WINDOWS (9ea6636b509f24ae6d2fd4cd3094d889)] -> css selector: div.pac-item]
17:01:52.574  INFO  manager.WDListener - before find element By.id: dates
17:01:52.610  INFO  manager.WDListener - element found success By.id: dates
17:01:52.610  INFO  manager.WDListener - start method click on element [[ChromeDriver: chrome on WINDOWS (9ea6636b509f24ae6d2fd4cd3094d889)] -> id: dates]
17:01:52.773  INFO  manager.WDListener - method click is done on element[[ChromeDriver: chrome on WINDOWS (9ea6636b509f24ae6d2fd4cd3094d889)] -> id: dates]
17:01:52.803  INFO  manager.WDListener - before find element By.cssSelector: button[aria-label ='Next month']
17:01:52.838  INFO  manager.WDListener - element found success By.cssSelector: button[aria-label ='Next month']
17:01:52.839  INFO  manager.WDListener - start method click on element [[ChromeDriver: chrome on WINDOWS (9ea6636b509f24ae6d2fd4cd3094d889)] -> css selector: button[aria-label ='Next month']]
17:01:52.955  INFO  manager.WDListener - method click is done on element[[ChromeDriver: chrome on WINDOWS (9ea6636b509f24ae6d2fd4cd3094d889)] -> css selector: button[aria-label ='Next month']]
17:01:52.955  INFO  manager.WDListener - before find element By.cssSelector: button[aria-label ='Next month']
17:01:52.978  INFO  manager.WDListener - element found success By.cssSelector: button[aria-label ='Next month']
17:01:52.979  INFO  manager.WDListener - start method click on element [[ChromeDriver: chrome on WINDOWS (9ea6636b509f24ae6d2fd4cd3094d889)] -> css selector: button[aria-label ='Next month']]
17:01:53.064  INFO  manager.WDListener - method click is done on element[[ChromeDriver: chrome on WINDOWS (9ea6636b509f24ae6d2fd4cd3094d889)] -> css selector: button[aria-label ='Next month']]
17:01:53.066  INFO  manager.WDListener - before find element By.cssSelector: button[aria-label ='Next month']
17:01:53.088  INFO  manager.WDListener - element found success By.cssSelector: button[aria-label ='Next month']
17:01:53.089  INFO  manager.WDListener - start method click on element [[ChromeDriver: chrome on WINDOWS (9ea6636b509f24ae6d2fd4cd3094d889)] -> css selector: button[aria-label ='Next month']]
17:01:53.182  INFO  manager.WDListener - method click is done on element[[ChromeDriver: chrome on WINDOWS (9ea6636b509f24ae6d2fd4cd3094d889)] -> css selector: button[aria-label ='Next month']]
17:01:53.183  INFO  manager.WDListener - before find element By.cssSelector: button[aria-label ='Next month']
17:01:53.214  INFO  manager.WDListener - element found success By.cssSelector: button[aria-label ='Next month']
17:01:53.214  INFO  manager.WDListener - start method click on element [[ChromeDriver: chrome on WINDOWS (9ea6636b509f24ae6d2fd4cd3094d889)] -> css selector: button[aria-label ='Next month']]
17:01:53.304  INFO  manager.WDListener - method click is done on element[[ChromeDriver: chrome on WINDOWS (9ea6636b509f24ae6d2fd4cd3094d889)] -> css selector: button[aria-label ='Next month']]
17:01:53.304  INFO  manager.WDListener - before find element By.xpath: //div[text()=' 12 ']
17:01:53.334  INFO  manager.WDListener - element found success By.xpath: //div[text()=' 12 ']
17:01:53.334  INFO  manager.WDListener - start method click on element [[ChromeDriver: chrome on WINDOWS (9ea6636b509f24ae6d2fd4cd3094d889)] -> xpath: //div[text()=' 12 ']]
17:01:53.423  INFO  manager.WDListener - method click is done on element[[ChromeDriver: chrome on WINDOWS (9ea6636b509f24ae6d2fd4cd3094d889)] -> xpath: //div[text()=' 12 ']]
17:01:53.423  INFO  manager.WDListener - before find element By.cssSelector: button[aria-label ='Next month']
17:01:53.450  INFO  manager.WDListener - element found success By.cssSelector: button[aria-label ='Next month']
17:01:53.450  INFO  manager.WDListener - start method click on element [[ChromeDriver: chrome on WINDOWS (9ea6636b509f24ae6d2fd4cd3094d889)] -> css selector: button[aria-label ='Next month']]
17:01:53.535  INFO  manager.WDListener - method click is done on element[[ChromeDriver: chrome on WINDOWS (9ea6636b509f24ae6d2fd4cd3094d889)] -> css selector: button[aria-label ='Next month']]
17:01:53.536  INFO  manager.WDListener - before find element By.cssSelector: button[aria-label ='Next month']
17:01:53.553  INFO  manager.WDListener - element found success By.cssSelector: button[aria-label ='Next month']
17:01:53.554  INFO  manager.WDListener - start method click on element [[ChromeDriver: chrome on WINDOWS (9ea6636b509f24ae6d2fd4cd3094d889)] -> css selector: button[aria-label ='Next month']]
17:01:53.639  INFO  manager.WDListener - method click is done on element[[ChromeDriver: chrome on WINDOWS (9ea6636b509f24ae6d2fd4cd3094d889)] -> css selector: button[aria-label ='Next month']]
17:01:53.639  INFO  manager.WDListener - before find element By.cssSelector: button[aria-label ='Next month']
17:01:53.664  INFO  manager.WDListener - element found success By.cssSelector: button[aria-label ='Next month']
17:01:53.664  INFO  manager.WDListener - start method click on element [[ChromeDriver: chrome on WINDOWS (9ea6636b509f24ae6d2fd4cd3094d889)] -> css selector: button[aria-label ='Next month']]
17:01:53.756  INFO  manager.WDListener - method click is done on element[[ChromeDriver: chrome on WINDOWS (9ea6636b509f24ae6d2fd4cd3094d889)] -> css selector: button[aria-label ='Next month']]
17:01:53.756  INFO  manager.WDListener - before find element By.cssSelector: button[aria-label ='Next month']
17:01:53.786  INFO  manager.WDListener - element found success By.cssSelector: button[aria-label ='Next month']
17:01:53.787  INFO  manager.WDListener - start method click on element [[ChromeDriver: chrome on WINDOWS (9ea6636b509f24ae6d2fd4cd3094d889)] -> css selector: button[aria-label ='Next month']]
17:01:53.873  INFO  manager.WDListener - method click is done on element[[ChromeDriver: chrome on WINDOWS (9ea6636b509f24ae6d2fd4cd3094d889)] -> css selector: button[aria-label ='Next month']]
17:01:53.873  INFO  manager.WDListener - before find element By.cssSelector: button[aria-label ='Next month']
17:01:53.895  INFO  manager.WDListener - element found success By.cssSelector: button[aria-label ='Next month']
17:01:53.895  INFO  manager.WDListener - start method click on element [[ChromeDriver: chrome on WINDOWS (9ea6636b509f24ae6d2fd4cd3094d889)] -> css selector: button[aria-label ='Next month']]
17:01:53.978  INFO  manager.WDListener - method click is done on element[[ChromeDriver: chrome on WINDOWS (9ea6636b509f24ae6d2fd4cd3094d889)] -> css selector: button[aria-label ='Next month']]
17:01:53.979  INFO  manager.WDListener - before find element By.cssSelector: button[aria-label ='Next month']
17:01:54.002  INFO  manager.WDListener - element found success By.cssSelector: button[aria-label ='Next month']
17:01:54.002  INFO  manager.WDListener - start method click on element [[ChromeDriver: chrome on WINDOWS (9ea6636b509f24ae6d2fd4cd3094d889)] -> css selector: button[aria-label ='Next month']]
17:01:54.096  INFO  manager.WDListener - method click is done on element[[ChromeDriver: chrome on WINDOWS (9ea6636b509f24ae6d2fd4cd3094d889)] -> css selector: button[aria-label ='Next month']]
17:01:54.097  INFO  manager.WDListener - before find element By.cssSelector: button[aria-label ='Next month']
17:01:54.130  INFO  manager.WDListener - element found success By.cssSelector: button[aria-label ='Next month']
17:01:54.130  INFO  manager.WDListener - start method click on element [[ChromeDriver: chrome on WINDOWS (9ea6636b509f24ae6d2fd4cd3094d889)] -> css selector: button[aria-label ='Next month']]
17:01:54.216  INFO  manager.WDListener - method click is done on element[[ChromeDriver: chrome on WINDOWS (9ea6636b509f24ae6d2fd4cd3094d889)] -> css selector: button[aria-label ='Next month']]
17:01:54.217  INFO  manager.WDListener - before find element By.cssSelector: button[aria-label ='Next month']
17:01:54.239  INFO  manager.WDListener - element found success By.cssSelector: button[aria-label ='Next month']
17:01:54.240  INFO  manager.WDListener - start method click on element [[ChromeDriver: chrome on WINDOWS (9ea6636b509f24ae6d2fd4cd3094d889)] -> css selector: button[aria-label ='Next month']]
17:01:54.318  INFO  manager.WDListener - method click is done on element[[ChromeDriver: chrome on WINDOWS (9ea6636b509f24ae6d2fd4cd3094d889)] -> css selector: button[aria-label ='Next month']]
17:01:54.319  INFO  manager.WDListener - before find element By.xpath: //div[text()=' 14 ']
17:01:54.352  INFO  manager.WDListener - element found success By.xpath: //div[text()=' 14 ']
17:01:54.352  INFO  manager.WDListener - start method click on element [[ChromeDriver: chrome on WINDOWS (9ea6636b509f24ae6d2fd4cd3094d889)] -> xpath: //div[text()=' 14 ']]
17:01:54.443  INFO  manager.WDListener - method click is done on element[[ChromeDriver: chrome on WINDOWS (9ea6636b509f24ae6d2fd4cd3094d889)] -> xpath: //div[text()=' 14 ']]
17:01:54.443  INFO  manager.WDListener - before find element By.xpath: //button[@type='submit']
17:01:54.484  INFO  manager.WDListener - element found success By.xpath: //button[@type='submit']
17:01:54.484  INFO  manager.WDListener - start method click on element [[ChromeDriver: chrome on WINDOWS (9ea6636b509f24ae6d2fd4cd3094d889)] -> xpath: //button[@type='submit']]
17:01:54.606  INFO  manager.WDListener - method click is done on element[[ChromeDriver: chrome on WINDOWS (9ea6636b509f24ae6d2fd4cd3094d889)] -> xpath: //button[@type='submit']]
17:01:54.606  INFO  manager.WDListener - before find element By.cssSelector: a.car-container
17:01:59.379  INFO  manager.WDListener - element found success By.cssSelector: a.car-container
