17:30:24.422  INFO  manager.ApplicationManager - All tests run in Chrome Browser
17:30:25.928  INFO  manager.ApplicationManager - The link --> https://ilcarro.web.app/search
17:30:25.972  INFO  tests.TestBase - Name of method --> searchAnyPeriodSuccess
17:30:25.975  INFO  manager.WDListener - before find element By.id: city
17:30:26.008  INFO  manager.WDListener - element found success By.id: city
17:30:26.017  INFO  manager.WDListener - start method click on element [[ChromeDriver: chrome on WINDOWS (2cfc8ba5638858bb32416f8832158ee8)] -> id: city]
17:30:26.118  INFO  manager.WDListener - method click is done on element[[ChromeDriver: chrome on WINDOWS (2cfc8ba5638858bb32416f8832158ee8)] -> id: city]
17:30:26.412  INFO  manager.WDListener - before find element By.cssSelector: div.pac-item
17:30:26.772  INFO  manager.WDListener - element found success By.cssSelector: div.pac-item
17:30:26.773  INFO  manager.WDListener - start method click on element [[ChromeDriver: chrome on WINDOWS (2cfc8ba5638858bb32416f8832158ee8)] -> css selector: div.pac-item]
17:30:26.845  INFO  manager.WDListener - method click is done on element[[ChromeDriver: chrome on WINDOWS (2cfc8ba5638858bb32416f8832158ee8)] -> css selector: div.pac-item]
17:30:26.846  INFO  manager.WDListener - before find element By.id: dates
17:30:26.877  INFO  manager.WDListener - element found success By.id: dates
17:30:26.879  INFO  manager.WDListener - start method click on element [[ChromeDriver: chrome on WINDOWS (2cfc8ba5638858bb32416f8832158ee8)] -> id: dates]
17:30:27.054  INFO  manager.WDListener - method click is done on element[[ChromeDriver: chrome on WINDOWS (2cfc8ba5638858bb32416f8832158ee8)] -> id: dates]
17:30:27.089  INFO  manager.WDListener - before find element By.cssSelector: button[aria-label ='Next month']
17:30:27.128  INFO  manager.WDListener - element found success By.cssSelector: button[aria-label ='Next month']
17:30:27.129  INFO  manager.WDListener - start method click on element [[ChromeDriver: chrome on WINDOWS (2cfc8ba5638858bb32416f8832158ee8)] -> css selector: button[aria-label ='Next month']]
17:30:27.243  INFO  manager.WDListener - method click is done on element[[ChromeDriver: chrome on WINDOWS (2cfc8ba5638858bb32416f8832158ee8)] -> css selector: button[aria-label ='Next month']]
17:30:27.243  INFO  manager.WDListener - before find element By.cssSelector: button[aria-label ='Next month']
17:30:27.259  INFO  manager.WDListener - element found success By.cssSelector: button[aria-label ='Next month']
17:30:27.260  INFO  manager.WDListener - start method click on element [[ChromeDriver: chrome on WINDOWS (2cfc8ba5638858bb32416f8832158ee8)] -> css selector: button[aria-label ='Next month']]
17:30:27.334  INFO  manager.WDListener - method click is done on element[[ChromeDriver: chrome on WINDOWS (2cfc8ba5638858bb32416f8832158ee8)] -> css selector: button[aria-label ='Next month']]
17:30:27.334  INFO  manager.WDListener - before find element By.cssSelector: button[aria-label ='Next month']
17:30:27.355  INFO  manager.WDListener - element found success By.cssSelector: button[aria-label ='Next month']
17:30:27.355  INFO  manager.WDListener - start method click on element [[ChromeDriver: chrome on WINDOWS (2cfc8ba5638858bb32416f8832158ee8)] -> css selector: button[aria-label ='Next month']]
17:30:27.420  INFO  manager.WDListener - method click is done on element[[ChromeDriver: chrome on WINDOWS (2cfc8ba5638858bb32416f8832158ee8)] -> css selector: button[aria-label ='Next month']]
17:30:27.420  INFO  manager.WDListener - before find element By.cssSelector: button[aria-label ='Next month']
17:30:27.451  INFO  manager.WDListener - element found success By.cssSelector: button[aria-label ='Next month']
17:30:27.451  INFO  manager.WDListener - start method click on element [[ChromeDriver: chrome on WINDOWS (2cfc8ba5638858bb32416f8832158ee8)] -> css selector: button[aria-label ='Next month']]
17:30:27.519  INFO  manager.WDListener - method click is done on element[[ChromeDriver: chrome on WINDOWS (2cfc8ba5638858bb32416f8832158ee8)] -> css selector: button[aria-label ='Next month']]
17:30:27.520  INFO  manager.WDListener - before find element By.xpath: //div[text()=' 12 ']
17:30:27.550  INFO  manager.WDListener - element found success By.xpath: //div[text()=' 12 ']
17:30:27.551  INFO  manager.WDListener - start method click on element [[ChromeDriver: chrome on WINDOWS (2cfc8ba5638858bb32416f8832158ee8)] -> xpath: //div[text()=' 12 ']]
17:30:27.639  INFO  manager.WDListener - method click is done on element[[ChromeDriver: chrome on WINDOWS (2cfc8ba5638858bb32416f8832158ee8)] -> xpath: //div[text()=' 12 ']]
17:30:27.640  INFO  manager.WDListener - before find element By.cssSelector: button[aria-label ='Next month']
17:30:27.668  INFO  manager.WDListener - element found success By.cssSelector: button[aria-label ='Next month']
17:30:27.668  INFO  manager.WDListener - start method click on element [[ChromeDriver: chrome on WINDOWS (2cfc8ba5638858bb32416f8832158ee8)] -> css selector: button[aria-label ='Next month']]
17:30:27.743  INFO  manager.WDListener - method click is done on element[[ChromeDriver: chrome on WINDOWS (2cfc8ba5638858bb32416f8832158ee8)] -> css selector: button[aria-label ='Next month']]
17:30:27.743  INFO  manager.WDListener - before find element By.cssSelector: button[aria-label ='Next month']
17:30:27.762  INFO  manager.WDListener - element found success By.cssSelector: button[aria-label ='Next month']
17:30:27.763  INFO  manager.WDListener - start method click on element [[ChromeDriver: chrome on WINDOWS (2cfc8ba5638858bb32416f8832158ee8)] -> css selector: button[aria-label ='Next month']]
17:30:27.830  INFO  manager.WDListener - method click is done on element[[ChromeDriver: chrome on WINDOWS (2cfc8ba5638858bb32416f8832158ee8)] -> css selector: button[aria-label ='Next month']]
17:30:27.832  INFO  manager.WDListener - before find element By.cssSelector: button[aria-label ='Next month']
17:30:27.855  INFO  manager.WDListener - element found success By.cssSelector: button[aria-label ='Next month']
17:30:27.855  INFO  manager.WDListener - start method click on element [[ChromeDriver: chrome on WINDOWS (2cfc8ba5638858bb32416f8832158ee8)] -> css selector: button[aria-label ='Next month']]
17:30:27.934  INFO  manager.WDListener - method click is done on element[[ChromeDriver: chrome on WINDOWS (2cfc8ba5638858bb32416f8832158ee8)] -> css selector: button[aria-label ='Next month']]
17:30:27.934  INFO  manager.WDListener - before find element By.cssSelector: button[aria-label ='Next month']
17:30:27.965  INFO  manager.WDListener - element found success By.cssSelector: button[aria-label ='Next month']
17:30:27.965  INFO  manager.WDListener - start method click on element [[ChromeDriver: chrome on WINDOWS (2cfc8ba5638858bb32416f8832158ee8)] -> css selector: button[aria-label ='Next month']]
17:30:28.036  INFO  manager.WDListener - method click is done on element[[ChromeDriver: chrome on WINDOWS (2cfc8ba5638858bb32416f8832158ee8)] -> css selector: button[aria-label ='Next month']]
17:30:28.036  INFO  manager.WDListener - before find element By.cssSelector: button[aria-label ='Next month']
17:30:28.057  INFO  manager.WDListener - element found success By.cssSelector: button[aria-label ='Next month']
17:30:28.058  INFO  manager.WDListener - start method click on element [[ChromeDriver: chrome on WINDOWS (2cfc8ba5638858bb32416f8832158ee8)] -> css selector: button[aria-label ='Next month']]
17:30:28.129  INFO  manager.WDListener - method click is done on element[[ChromeDriver: chrome on WINDOWS (2cfc8ba5638858bb32416f8832158ee8)] -> css selector: button[aria-label ='Next month']]
17:30:28.129  INFO  manager.WDListener - before find element By.cssSelector: button[aria-label ='Next month']
17:30:28.149  INFO  manager.WDListener - element found success By.cssSelector: button[aria-label ='Next month']
17:30:28.150  INFO  manager.WDListener - start method click on element [[ChromeDriver: chrome on WINDOWS (2cfc8ba5638858bb32416f8832158ee8)] -> css selector: button[aria-label ='Next month']]
17:30:28.224  INFO  manager.WDListener - method click is done on element[[ChromeDriver: chrome on WINDOWS (2cfc8ba5638858bb32416f8832158ee8)] -> css selector: button[aria-label ='Next month']]
17:30:28.225  INFO  manager.WDListener - before find element By.cssSelector: button[aria-label ='Next month']
17:30:28.249  INFO  manager.WDListener - element found success By.cssSelector: button[aria-label ='Next month']
17:30:28.250  INFO  manager.WDListener - start method click on element [[ChromeDriver: chrome on WINDOWS (2cfc8ba5638858bb32416f8832158ee8)] -> css selector: button[aria-label ='Next month']]
17:30:28.341  INFO  manager.WDListener - method click is done on element[[ChromeDriver: chrome on WINDOWS (2cfc8ba5638858bb32416f8832158ee8)] -> css selector: button[aria-label ='Next month']]
17:30:28.342  INFO  manager.WDListener - before find element By.cssSelector: button[aria-label ='Next month']
17:30:28.358  INFO  manager.WDListener - element found success By.cssSelector: button[aria-label ='Next month']
17:30:28.359  INFO  manager.WDListener - start method click on element [[ChromeDriver: chrome on WINDOWS (2cfc8ba5638858bb32416f8832158ee8)] -> css selector: button[aria-label ='Next month']]
17:30:28.442  INFO  manager.WDListener - method click is done on element[[ChromeDriver: chrome on WINDOWS (2cfc8ba5638858bb32416f8832158ee8)] -> css selector: button[aria-label ='Next month']]
17:30:28.443  INFO  manager.WDListener - before find element By.xpath: //div[text()=' 14 ']
17:30:28.474  INFO  manager.WDListener - element found success By.xpath: //div[text()=' 14 ']
17:30:28.475  INFO  manager.WDListener - start method click on element [[ChromeDriver: chrome on WINDOWS (2cfc8ba5638858bb32416f8832158ee8)] -> xpath: //div[text()=' 14 ']]
17:30:28.566  INFO  manager.WDListener - method click is done on element[[ChromeDriver: chrome on WINDOWS (2cfc8ba5638858bb32416f8832158ee8)] -> xpath: //div[text()=' 14 ']]
17:30:28.566  INFO  manager.WDListener - before find element By.xpath: //button[@type='submit']
17:30:28.597  INFO  manager.WDListener - element found success By.xpath: //button[@type='submit']
17:30:28.597  INFO  manager.WDListener - start method click on element [[ChromeDriver: chrome on WINDOWS (2cfc8ba5638858bb32416f8832158ee8)] -> xpath: //button[@type='submit']]
17:30:28.726  INFO  manager.WDListener - method click is done on element[[ChromeDriver: chrome on WINDOWS (2cfc8ba5638858bb32416f8832158ee8)] -> xpath: //button[@type='submit']]
17:30:28.726  INFO  manager.WDListener - before find element By.cssSelector: a.car-container
17:30:33.005  INFO  manager.WDListener - element found success By.cssSelector: a.car-container
17:30:33.020  INFO  manager.WDListener - before find element By.xpath: //input[@formcontrolname='dates']
17:30:33.055  INFO  manager.WDListener - element found success By.xpath: //input[@formcontrolname='dates']
17:30:33.076  INFO  manager.WDListener - before find element By.xpath: //input[@formcontrolname='dates']
17:30:33.096  INFO  manager.WDListener - element found success By.xpath: //input[@formcontrolname='dates']
